2025-07-01 23:32:45,868 - INFO - Found credentials in shared credentials file: ~/.aws/credentials
2025-07-01 23:32:46,733 - INFO - AWS Polly client initialized successfully.
2025-07-01 23:34:24,712 - INFO - Found credentials in shared credentials file: ~/.aws/credentials
2025-07-01 23:34:24,973 - INFO - AWS Polly client initialized successfully.
2025-07-01 23:34:24,983 - WARNING - Invalid JSON line: { - Error: Expecting property name enclosed in double quotes: line 1 column 2 (char 1)
2025-07-01 23:34:24,984 - WARNING - Invalid JSON line: "situation": "At a Chicago Food Truck Festival", - Error: Extra data: line 1 column 12 (char 11)
2025-07-01 23:34:24,984 - WARNING - Invalid JSON line: "dialogue": [ - Error: Extra data: line 1 column 11 (char 10)
2025-07-01 23:34:24,985 - WARNING - Invalid JSON line: {"speaker": "Tyler", "text": "Yo, this taco truck is straight fire! You tried these yet?", "gender": "male"}, - Error: Extra data: line 1 column 109 (char 108)
2025-07-01 23:34:24,985 - WARNING - Invalid JSON line: {"speaker": "Emma", "text": "Not yet, but they’re calling my name. Long line, though!", "gender": "female"}, - Error: Extra data: line 1 column 108 (char 107)
2025-07-01 23:34:24,985 - WARNING - Invalid JSON line: {"speaker": "Tyler", "text": "Worth the wait, trust me. I’m already on my second round.", "gender": "male"}, - Error: Extra data: line 1 column 108 (char 107)
2025-07-01 23:34:24,986 - WARNING - Missing required fields in entry: {"speaker": "Emma", "text": "Dang, you’re living large. Save some for the rest of us!", "gender": "female"}
2025-07-01 23:34:24,986 - WARNING - Invalid JSON line: ], - Error: Expecting value: line 1 column 1 (char 0)
2025-07-01 23:34:24,986 - WARNING - Invalid JSON line: "explanations": [ - Error: Extra data: line 1 column 15 (char 14)
2025-07-01 23:34:24,987 - WARNING - Invalid JSON line: {"term": "Yo", "type": "slang", "definition": "A casual greeting to get attention, similar to 'hey.'", "context": "Tyler uses it to start the conversation excitedly."}, - Error: Extra data: line 1 column 168 (char 167)
2025-07-01 23:34:24,987 - WARNING - Invalid JSON line: {"term": "Straight fire", "type": "slang", "definition": "Something exceptionally good or impressive.", "context": "Describing the taco truck’s food as amazing."}, - Error: Extra data: line 1 column 163 (char 162)
2025-07-01 23:34:24,987 - WARNING - Invalid JSON line: {"term": "Calling my name", "type": "idiom", "definition": "Something that feels very tempting or appealing.", "context": "Emma feels drawn to the tacos."}, - Error: Extra data: line 1 column 156 (char 155)
2025-07-01 23:34:24,988 - WARNING - Invalid JSON line: {"term": "Worth the wait", "type": "phrase", "definition": "Justifies the time or effort spent.", "context": "Tyler suggests the tacos are good enough to wait in line for."}, - Error: Extra data: line 1 column 174 (char 173)
2025-07-01 23:34:24,988 - WARNING - Missing required fields in entry: {"term": "Living large", "type": "idiom", "definition": "Enjoying life extravagantly or indulgently.", "context": "Emma jokingly says Tyler is indulging by eating multiple tacos."}
2025-07-01 23:34:24,988 - WARNING - Invalid JSON line: ], - Error: Expecting value: line 1 column 1 (char 0)
2025-07-01 23:34:24,988 - WARNING - Invalid JSON line: "audio_file": null, - Error: Extra data: line 1 column 13 (char 12)
2025-07-01 23:34:24,989 - WARNING - Invalid JSON line: "audio_voice": null - Error: Extra data: line 1 column 14 (char 13)
2025-07-01 23:34:24,989 - WARNING - Invalid JSON line: } - Error: Expecting value: line 1 column 1 (char 0)
2025-07-01 23:34:24,989 - WARNING - Invalid JSON line: { - Error: Expecting property name enclosed in double quotes: line 1 column 2 (char 1)
2025-07-01 23:34:24,990 - WARNING - Invalid JSON line: "situation": "At a Tech Startup Meeting in Seattle", - Error: Extra data: line 1 column 12 (char 11)
2025-07-01 23:34:24,990 - WARNING - Invalid JSON line: "dialogue": [ - Error: Extra data: line 1 column 11 (char 10)
2025-07-01 23:34:24,990 - WARNING - Invalid JSON line: {"speaker": "Sarah", "text": "Alright, team, let’s hit the ground running on this project.", "gender": "female"}, - Error: Extra data: line 1 column 113 (char 112)
2025-07-01 23:34:24,991 - WARNING - Invalid JSON line: {"speaker": "Liam", "text": "Sounds good. I’m pumped to dive into the UX redesign.", "gender": "male"}, - Error: Extra data: line 1 column 103 (char 102)
2025-07-01 23:34:24,991 - WARNING - Invalid JSON line: {"speaker": "Sarah", "text": "Awesome. Can you take point on the user testing?", "gender": "female"}, - Error: Extra data: line 1 column 101 (char 100)
2025-07-01 23:34:24,991 - WARNING - Missing required fields in entry: {"speaker": "Liam", "text": "For sure, I’ll loop in the beta testers by Friday.", "gender": "male"}
2025-07-01 23:34:24,992 - WARNING - Invalid JSON line: ], - Error: Expecting value: line 1 column 1 (char 0)
2025-07-01 23:34:24,992 - WARNING - Invalid JSON line: "explanations": [ - Error: Extra data: line 1 column 15 (char 14)
2025-07-01 23:34:24,992 - WARNING - Invalid JSON line: {"term": "Hit the ground running", "type": "idiom", "definition": "To start a task quickly and energetically.", "context": "Sarah wants the team to begin the project with momentum."}, - Error: Extra data: line 1 column 183 (char 182)
2025-07-01 23:34:24,993 - WARNING - Invalid JSON line: {"term": "Pumped", "type": "slang", "definition": "Excited or enthusiastic.", "context": "Liam is eager about the UX redesign."}, - Error: Extra data: line 1 column 129 (char 128)
2025-07-01 23:34:24,993 - WARNING - Invalid JSON line: {"term": "Take point", "type": "phrase", "definition": "To take the lead or main responsibility.", "context": "Sarah asks Liam to lead the user testing."}, - Error: Extra data: line 1 column 155 (char 154)
2025-07-01 23:34:24,993 - WARNING - Missing required fields in entry: {"term": "Loop in", "type": "phrase", "definition": "To include or inform someone in a process.", "context": "Liam will involve the beta testers in the project."}
2025-07-01 23:34:24,993 - WARNING - Invalid JSON line: ], - Error: Expecting value: line 1 column 1 (char 0)
2025-07-01 23:34:24,994 - WARNING - Invalid JSON line: "audio_file": null, - Error: Extra data: line 1 column 13 (char 12)
2025-07-01 23:34:24,994 - WARNING - Invalid JSON line: "audio_voice": null - Error: Extra data: line 1 column 14 (char 13)
2025-07-01 23:34:24,994 - WARNING - Invalid JSON line: } - Error: Expecting value: line 1 column 1 (char 0)
2025-07-01 23:34:24,994 - INFO - Loaded 0 entries from D:\vocabswipe.github.io\scripts\dialogues.jsonl
