2025-07-02 15:35:18,989 - INFO - Found credentials in shared credentials file: ~/.aws/credentials
2025-07-02 15:35:19,460 - INFO - AWS Polly client initialized successfully.
2025-07-02 15:35:19,468 - INFO - Loading: D:\vocabswipe.github.io\data\vocab3000_database.yaml
2025-07-02 15:35:19,469 - WARNING - D:\vocabswipe.github.io\data\vocab3000_database.yaml not found. Using default structure.
2025-07-02 15:35:19,469 - INFO - Loading: D:\vocabswipe.github.io\data\temp\temp_vocab3000.jsonl
2025-07-02 15:35:19,471 - INFO - Backup created at: D:\vocabswipe.github.io\data\temp\backup_vocab3000_20250702_153518.jsonl
2025-07-02 15:35:19,501 - INFO - Creating blank D:\vocabswipe.github.io\data\temp\temp_vocab3000_log.yaml
2025-07-02 15:35:19,505 - INFO - Successfully saved: D:\vocabswipe.github.io\data\temp\temp_vocab3000_log.yaml
2025-07-02 15:35:19,506 - INFO - Loading: D:\vocabswipe.github.io\data\temp\temp_vocab3000_log.yaml
2025-07-02 15:35:19,541 - INFO - Successfully saved: D:\vocabswipe.github.io\data\temp\temp_vocab3000_log.yaml
2025-07-02 15:35:19,542 - INFO - Appended 10 entries to D:\vocabswipe.github.io\data\temp\temp_vocab3000_log.yaml
2025-07-02 15:35:19,542 - INFO - Loading: D:\vocabswipe.github.io\data\vocab3000_database.yaml
2025-07-02 15:35:19,542 - WARNING - D:\vocabswipe.github.io\data\vocab3000_database.yaml not found. Using default structure.
2025-07-02 15:35:21,025 - INFO - Generated audio for '<speak>the</speak>' at D:\vocabswipe.github.io\data\audio\front\the.mp3
2025-07-02 15:35:21,338 - INFO - Generated audio for '<speak>I saw the dog running in the park.</speak>' at D:\vocabswipe.github.io\data\audio\back\the\the_I_saw_the_dog_running_in_the_park.mp3
2025-07-02 15:35:21,644 - INFO - Generated audio for '<speak>She bought the book we talked about.</speak>' at D:\vocabswipe.github.io\data\audio\back\the\the_She_bought_the_book_we_talked_about.mp3
2025-07-02 15:35:21,959 - INFO - Generated audio for '<speak>The sun sets slowly behind the mountain.</speak>' at D:\vocabswipe.github.io\data\audio\back\the\the_The_sun_sets_slowly_behind_the_mountain.mp3
2025-07-02 15:35:22,266 - INFO - Generated audio for '<speak>The kids are playing outside.</speak>' at D:\vocabswipe.github.io\data\audio\back\the\the_The_kids_are_playing_outside.mp3
2025-07-02 15:35:22,578 - INFO - Generated audio for '<speak>The smartphone has changed how we communicate.</speak>' at D:\vocabswipe.github.io\data\audio\back\the\the_The_smartphone_has_changed_how_we_communicate.mp3
2025-07-02 15:35:22,871 - INFO - Generated audio for '<speak>be</speak>' at D:\vocabswipe.github.io\data\audio\front\be.mp3
2025-07-02 15:35:23,174 - INFO - Generated audio for '<speak>There will be a party tonight.</speak>' at D:\vocabswipe.github.io\data\audio\back\be\be_There_will_be_a_party_tonight.mp3
2025-07-02 15:35:23,486 - INFO - Generated audio for '<speak>She wants to be happy at her new job.</speak>' at D:\vocabswipe.github.io\data\audio\back\be\be_She_wants_to_be_happy_at_her_new_job.mp3
2025-07-02 15:35:23,795 - INFO - Generated audio for '<speak>He can be the team leader tomorrow.</speak>' at D:\vocabswipe.github.io\data\audio\back\be\be_He_can_be_the_team_leader_tomorrow.mp3
2025-07-02 15:35:24,103 - INFO - Generated audio for '<speak>They will be at the concert later.</speak>' at D:\vocabswipe.github.io\data\audio\back\be\be_They_will_be_at_the_concert_later.mp3
2025-07-02 15:35:24,423 - INFO - Generated audio for '<speak>That building is the new library.</speak>' at D:\vocabswipe.github.io\data\audio\back\be\be_That_building_is_the_new_library.mp3
2025-07-02 15:35:24,717 - INFO - Generated audio for '<speak>and</speak>' at D:\vocabswipe.github.io\data\audio\front\and.mp3
2025-07-02 15:35:25,030 - INFO - Generated audio for '<speak>I like coffee and tea.</speak>' at D:\vocabswipe.github.io\data\audio\back\and\and_I_like_coffee_and_tea.mp3
2025-07-02 15:35:25,331 - INFO - Generated audio for '<speak>She’s smart and works hard.</speak>' at D:\vocabswipe.github.io\data\audio\back\and\and_Shes_smart_and_works_hard.mp3
2025-07-02 15:35:25,686 - INFO - Generated audio for '<speak>We ate dinner and watched a movie.</speak>' at D:\vocabswipe.github.io\data\audio\back\and\and_We_ate_dinner_and_watched_a_movie.mp3
2025-07-02 15:35:26,038 - INFO - Generated audio for '<speak>The park is quiet and peaceful in the morning.</speak>' at D:\vocabswipe.github.io\data\audio\back\and\and_The_park_is_quiet_and_peaceful_in_the_morning.mp3
2025-07-02 15:35:26,346 - INFO - Generated audio for '<speak>It was a long and tiring day.</speak>' at D:\vocabswipe.github.io\data\audio\back\and\and_It_was_a_long_and_tiring_day.mp3
2025-07-02 15:35:26,651 - INFO - Generated audio for '<speak>a</speak>' at D:\vocabswipe.github.io\data\audio\front\a.mp3
2025-07-02 15:35:26,962 - INFO - Generated audio for '<speak>I need a pencil for the test.</speak>' at D:\vocabswipe.github.io\data\audio\back\a\a_I_need_a_pencil_for_the_test.mp3
2025-07-02 15:35:27,267 - INFO - Generated audio for '<speak>A cat jumped onto the fence.</speak>' at D:\vocabswipe.github.io\data\audio\back\a\a_A_cat_jumped_onto_the_fence.mp3
2025-07-02 15:35:27,572 - INFO - Generated audio for '<speak>I met a friend at the mall.</speak>' at D:\vocabswipe.github.io\data\audio\back\a\a_I_met_a_friend_at_the_mall.mp3
2025-07-02 15:35:27,878 - INFO - Generated audio for '<speak>She’s training to be a doctor.</speak>' at D:\vocabswipe.github.io\data\audio\back\a\a_Shes_training_to_be_a_doctor.mp3
2025-07-02 15:35:28,186 - INFO - Generated audio for '<speak>It costs a dollar per apple.</speak>' at D:\vocabswipe.github.io\data\audio\back\a\a_It_costs_a_dollar_per_apple.mp3
2025-07-02 15:35:28,491 - INFO - Generated audio for '<speak>of</speak>' at D:\vocabswipe.github.io\data\audio\front\of.mp3
2025-07-02 15:35:29,210 - INFO - Generated audio for '<speak>The keys of the car are on the table.</speak>' at D:\vocabswipe.github.io\data\audio\back\of\of_The_keys_of_the_car_are_on_the_table.mp3
2025-07-02 15:35:29,519 - INFO - Generated audio for '<speak>She’s a friend of mine.</speak>' at D:\vocabswipe.github.io\data\audio\back\of\of_Shes_a_friend_of_mine.mp3
2025-07-02 15:35:29,826 - INFO - Generated audio for '<speak>The house is made of wood.</speak>' at D:\vocabswipe.github.io\data\audio\back\of\of_The_house_is_made_of_wood.mp3
2025-07-02 15:35:30,131 - INFO - Generated audio for '<speak>A cup of coffee sounds great.</speak>' at D:\vocabswipe.github.io\data\audio\back\of\of_A_cup_of_coffee_sounds_great.mp3
2025-07-02 15:35:30,434 - INFO - Generated audio for '<speak>He died of a heart attack.</speak>' at D:\vocabswipe.github.io\data\audio\back\of\of_He_died_of_a_heart_attack.mp3
2025-07-02 15:35:30,729 - INFO - Generated audio for '<speak>to</speak>' at D:\vocabswipe.github.io\data\audio\front\to.mp3
2025-07-02 15:35:31,032 - INFO - Generated audio for '<speak>I’m going to the store.</speak>' at D:\vocabswipe.github.io\data\audio\back\to\to_Im_going_to_the_store.mp3
2025-07-02 15:35:31,360 - INFO - Generated audio for '<speak>She studies to become a teacher.</speak>' at D:\vocabswipe.github.io\data\audio\back\to\to_She_studies_to_become_a_teacher.mp3
2025-07-02 15:35:31,701 - INFO - Generated audio for '<speak>I like to read books.</speak>' at D:\vocabswipe.github.io\data\audio\back\to\to_I_like_to_read_books.mp3
2025-07-02 15:35:32,008 - INFO - Generated audio for '<speak>Give this note to Sarah.</speak>' at D:\vocabswipe.github.io\data\audio\back\to\to_Give_this_note_to_Sarah.mp3
2025-07-02 15:35:32,502 - INFO - Generated audio for '<speak>The meeting is from nine to ten.</speak>' at D:\vocabswipe.github.io\data\audio\back\to\to_The_meeting_is_from_nine_to_ten.mp3
2025-07-02 15:35:32,799 - INFO - Generated audio for '<speak>in</speak>' at D:\vocabswipe.github.io\data\audio\front\in.mp3
2025-07-02 15:35:33,106 - INFO - Generated audio for '<speak>The keys are in the drawer.</speak>' at D:\vocabswipe.github.io\data\audio\back\in\in_The_keys_are_in_the_drawer.mp3
2025-07-02 15:35:33,411 - INFO - Generated audio for '<speak>We’ll meet in the morning.</speak>' at D:\vocabswipe.github.io\data\audio\back\in\in_Well_meet_in_the_morning.mp3
2025-07-02 15:35:33,718 - INFO - Generated audio for '<speak>She’s in the choir at school.</speak>' at D:\vocabswipe.github.io\data\audio\back\in\in_Shes_in_the_choir_at_school.mp3
2025-07-02 15:35:34,030 - INFO - Generated audio for '<speak>He’s in a bad mood today.</speak>' at D:\vocabswipe.github.io\data\audio\back\in\in_Hes_in_a_bad_mood_today.mp3
2025-07-02 15:35:34,342 - INFO - Generated audio for '<speak>They spoke in a loud voice.</speak>' at D:\vocabswipe.github.io\data\audio\back\in\in_They_spoke_in_a_loud_voice.mp3
2025-07-02 15:35:34,641 - INFO - Generated audio for '<speak>I</speak>' at D:\vocabswipe.github.io\data\audio\front\i.mp3
2025-07-02 15:35:34,947 - INFO - Generated audio for '<speak>I am going to the park.</speak>' at D:\vocabswipe.github.io\data\audio\back\i\i_I_am_going_to_the_park.mp3
2025-07-02 15:35:35,249 - INFO - Generated audio for '<speak>I think this movie is great.</speak>' at D:\vocabswipe.github.io\data\audio\back\i\i_I_think_this_movie_is_great.mp3
2025-07-02 15:35:35,554 - INFO - Generated audio for '<speak>I finished my homework early.</speak>' at D:\vocabswipe.github.io\data\audio\back\i\i_I_finished_my_homework_early.mp3
2025-07-02 15:35:35,860 - INFO - Generated audio for '<speak>I saw a deer in the forest.</speak>' at D:\vocabswipe.github.io\data\audio\back\i\i_I_saw_a_deer_in_the_forest.mp3
2025-07-02 15:35:36,160 - INFO - Generated audio for '<speak>I want to learn guitar.</speak>' at D:\vocabswipe.github.io\data\audio\back\i\i_I_want_to_learn_guitar.mp3
2025-07-02 15:35:36,461 - INFO - Generated audio for '<speak>you</speak>' at D:\vocabswipe.github.io\data\audio\front\you.mp3
2025-07-02 15:35:37,604 - INFO - Generated audio for '<speak>Can you help me with this?</speak>' at D:\vocabswipe.github.io\data\audio\back\you\you_Can_you_help_me_with_this.mp3
2025-07-02 15:35:37,913 - INFO - Generated audio for '<speak>You should try this new restaurant.</speak>' at D:\vocabswipe.github.io\data\audio\back\you\you_You_should_try_this_new_restaurant.mp3
2025-07-02 15:35:38,220 - INFO - Generated audio for '<speak>You never know what might happen.</speak>' at D:\vocabswipe.github.io\data\audio\back\you\you_You_never_know_what_might_happen.mp3
2025-07-02 15:35:38,524 - INFO - Generated audio for '<speak>I told you about the meeting.</speak>' at D:\vocabswipe.github.io\data\audio\back\you\you_I_told_you_about_the_meeting.mp3
2025-07-02 15:35:38,835 - INFO - Generated audio for '<speak>You need to hurry up!</speak>' at D:\vocabswipe.github.io\data\audio\back\you\you_You_need_to_hurry_up.mp3
2025-07-02 15:35:39,158 - INFO - Generated audio for '<speak>it</speak>' at D:\vocabswipe.github.io\data\audio\front\it.mp3
2025-07-02 15:35:39,470 - INFO - Generated audio for '<speak>I bought a phone, but it broke.</speak>' at D:\vocabswipe.github.io\data\audio\back\it\it_I_bought_a_phone_but_it_broke.mp3
2025-07-02 15:35:39,779 - INFO - Generated audio for '<speak>It’s raining outside right now.</speak>' at D:\vocabswipe.github.io\data\audio\back\it\it_Its_raining_outside_right_now.mp3
2025-07-02 15:35:40,086 - INFO - Generated audio for '<speak>It feels so calm by the lake.</speak>' at D:\vocabswipe.github.io\data\audio\back\it\it_It_feels_so_calm_by_the_lake.mp3
2025-07-02 15:35:40,474 - INFO - Generated audio for '<speak>It’s the red car over there.</speak>' at D:\vocabswipe.github.io\data\audio\back\it\it_Its_the_red_car_over_there.mp3
2025-07-02 15:35:40,783 - INFO - Generated audio for '<speak>It’s hard to solve this puzzle.</speak>' at D:\vocabswipe.github.io\data\audio\back\it\it_Its_hard_to_solve_this_puzzle.mp3
2025-07-02 15:35:40,850 - INFO - Successfully saved: D:\vocabswipe.github.io\data\vocab3000_database.yaml
2025-07-02 15:35:40,861 - INFO - Report saved to: D:\vocabswipe.github.io\data\reports\vocab3000_report_20250702_153540.txt
2025-07-02 15:35:40,867 - INFO - Successfully saved: D:\vocabswipe.github.io\data\temp\temp_vocab3000.jsonl
2025-07-02 15:35:40,869 - INFO - Batch processed successfully. temp_vocab3000.jsonl cleared.
2025-07-02 15:50:20,261 - INFO - Found credentials in shared credentials file: ~/.aws/credentials
2025-07-02 15:50:20,470 - INFO - AWS Polly client initialized successfully.
2025-07-02 15:50:20,478 - INFO - Loading: D:\vocabswipe.github.io\data\vocab3000_database.yaml
2025-07-02 15:50:20,513 - INFO - Loading: D:\vocabswipe.github.io\data\temp\temp_vocab3000.jsonl
2025-07-02 15:50:20,515 - INFO - Backup created at: D:\vocabswipe.github.io\data\temp\backup_vocab3000_20250702_155020.jsonl
2025-07-02 15:50:20,519 - INFO - Loading: D:\vocabswipe.github.io\data\temp\temp_vocab3000_log.yaml
2025-07-02 15:50:20,571 - INFO - Successfully saved: D:\vocabswipe.github.io\data\temp\temp_vocab3000_log.yaml
2025-07-02 15:50:20,571 - INFO - Appended 10 entries to D:\vocabswipe.github.io\data\temp\temp_vocab3000_log.yaml
2025-07-02 15:50:20,572 - INFO - Loading: D:\vocabswipe.github.io\data\vocab3000_database.yaml
2025-07-02 15:50:21,941 - INFO - Generated audio for '<speak>have</speak>' at D:\vocabswipe.github.io\data\audio\front\have.mp3
2025-07-02 15:50:22,266 - INFO - Generated audio for '<speak>I have a dog named Max.</speak>' at D:\vocabswipe.github.io\data\audio\back\have\have_I_have_a_dog_named_Max.mp3
2025-07-02 15:50:22,588 - INFO - Generated audio for '<speak>She had a great time at the party.</speak>' at D:\vocabswipe.github.io\data\audio\back\have\have_She_had_a_great_time_at_the_party.mp3
2025-07-02 15:50:22,943 - INFO - Generated audio for '<speak>You have to finish your homework.</speak>' at D:\vocabswipe.github.io\data\audio\back\have\have_You_have_to_finish_your_homework.mp3
2025-07-02 15:50:23,287 - INFO - Generated audio for '<speak>Let’s have lunch together.</speak>' at D:\vocabswipe.github.io\data\audio\back\have\have_Lets_have_lunch_together.mp3
2025-07-02 15:50:23,606 - INFO - Generated audio for '<speak>They have a big family.</speak>' at D:\vocabswipe.github.io\data\audio\back\have\have_They_have_a_big_family.mp3
2025-07-02 15:50:23,994 - INFO - Generated audio for '<speak>that</speak>' at D:\vocabswipe.github.io\data\audio\front\that.mp3
2025-07-02 15:50:24,318 - INFO - Generated audio for '<speak>I like that shirt you’re wearing.</speak>' at D:\vocabswipe.github.io\data\audio\back\that\that_I_like_that_shirt_youre_wearing.mp3
2025-07-02 15:50:24,832 - INFO - Generated audio for '<speak>She said that she’d be late.</speak>' at D:\vocabswipe.github.io\data\audio\back\that\that_She_said_that_shed_be_late.mp3
2025-07-02 15:50:25,163 - INFO - Generated audio for '<speak>It was that moment that changed everything.</speak>' at D:\vocabswipe.github.io\data\audio\back\that\that_It_was_that_moment_that_changed_everything.mp3
2025-07-02 15:50:25,482 - INFO - Generated audio for '<speak>Look at that bird in the tree.</speak>' at D:\vocabswipe.github.io\data\audio\back\that\that_Look_at_that_bird_in_the_tree.mp3
2025-07-02 15:50:25,812 - INFO - Generated audio for '<speak>I studied hard so that I could pass.</speak>' at D:\vocabswipe.github.io\data\audio\back\that\that_I_studied_hard_so_that_I_could_pass.mp3
2025-07-02 15:50:26,118 - INFO - Generated audio for '<speak>for</speak>' at D:\vocabswipe.github.io\data\audio\front\for.mp3
2025-07-02 15:50:29,421 - INFO - Generated audio for '<speak>I’m saving money for a new car.</speak>' at D:\vocabswipe.github.io\data\audio\back\for\for_Im_saving_money_for_a_new_car.mp3
2025-07-02 15:50:30,022 - INFO - Generated audio for '<speak>She’s been waiting for an hour.</speak>' at D:\vocabswipe.github.io\data\audio\back\for\for_Shes_been_waiting_for_an_hour.mp3
2025-07-02 15:50:30,343 - INFO - Generated audio for '<speak>This gift is for you.</speak>' at D:\vocabswipe.github.io\data\audio\back\for\for_This_gift_is_for_you.mp3
2025-07-02 15:50:30,662 - INFO - Generated audio for '<speak>I’m rooting for our team to win.</speak>' at D:\vocabswipe.github.io\data\audio\back\for\for_Im_rooting_for_our_team_to_win.mp3
2025-07-02 15:50:31,032 - INFO - Generated audio for '<speak>We’re heading for the beach.</speak>' at D:\vocabswipe.github.io\data\audio\back\for\for_Were_heading_for_the_beach.mp3
2025-07-02 15:50:31,338 - INFO - Generated audio for '<speak>do</speak>' at D:\vocabswipe.github.io\data\audio\front\do.mp3
2025-07-02 15:50:31,675 - INFO - Generated audio for '<speak>I need to do my laundry today.</speak>' at D:\vocabswipe.github.io\data\audio\back\do\do_I_need_to_do_my_laundry_today.mp3
2025-07-02 15:50:31,991 - INFO - Generated audio for '<speak>Do you like to swim?</speak>' at D:\vocabswipe.github.io\data\audio\back\do\do_Do_you_like_to_swim.mp3
2025-07-02 15:50:32,315 - INFO - Generated audio for '<speak>She did her project last night.</speak>' at D:\vocabswipe.github.io\data\audio\back\do\do_She_did_her_project_last_night.mp3
2025-07-02 15:50:32,780 - INFO - Generated audio for '<speak>This box will do for storage.</speak>' at D:\vocabswipe.github.io\data\audio\back\do\do_This_box_will_do_for_storage.mp3
2025-07-02 15:50:33,173 - INFO - Generated audio for '<speak>Just do it and stop complaining!</speak>' at D:\vocabswipe.github.io\data\audio\back\do\do_Just_do_it_and_stop_complaining.mp3
2025-07-02 15:50:33,515 - INFO - Generated audio for '<speak>he</speak>' at D:\vocabswipe.github.io\data\audio\front\he.mp3
2025-07-02 15:50:41,301 - INFO - Generated audio for '<speak>He went to the store for milk.</speak>' at D:\vocabswipe.github.io\data\audio\back\he\he_He_went_to_the_store_for_milk.mp3
2025-07-02 15:50:41,915 - INFO - Generated audio for '<speak>He always helps his neighbors.</speak>' at D:\vocabswipe.github.io\data\audio\back\he\he_He_always_helps_his_neighbors.mp3
2025-07-02 15:50:42,274 - INFO - Generated audio for '<speak>I saw him at the game yesterday.</speak>' at D:\vocabswipe.github.io\data\audio\back\he\he_I_saw_him_at_the_game_yesterday.mp3
2025-07-02 15:50:42,605 - INFO - Generated audio for '<speak>He was the hero of the story.</speak>' at D:\vocabswipe.github.io\data\audio\back\he\he_He_was_the_hero_of_the_story.mp3
2025-07-02 15:50:42,965 - INFO - Generated audio for '<speak>If he calls, let me know.</speak>' at D:\vocabswipe.github.io\data\audio\back\he\he_If_he_calls_let_me_know.mp3
2025-07-02 15:50:43,325 - INFO - Generated audio for '<speak>with</speak>' at D:\vocabswipe.github.io\data\audio\front\with.mp3
2025-07-02 15:50:43,781 - INFO - Generated audio for '<speak>I went to the park with my friends.</speak>' at D:\vocabswipe.github.io\data\audio\back\with\with_I_went_to_the_park_with_my_friends.mp3
2025-07-02 15:50:44,166 - INFO - Generated audio for '<speak>She cut the paper with scissors.</speak>' at D:\vocabswipe.github.io\data\audio\back\with\with_She_cut_the_paper_with_scissors.mp3
2025-07-02 15:50:47,095 - INFO - Generated audio for '<speak>He spoke with confidence.</speak>' at D:\vocabswipe.github.io\data\audio\back\with\with_He_spoke_with_confidence.mp3
2025-07-02 15:50:49,799 - INFO - Generated audio for '<speak>She’s close with her sister.</speak>' at D:\vocabswipe.github.io\data\audio\back\with\with_Shes_close_with_her_sister.mp3
2025-07-02 15:50:51,849 - INFO - Generated audio for '<speak>The man with the hat is my dad.</speak>' at D:\vocabswipe.github.io\data\audio\back\with\with_The_man_with_the_hat_is_my_dad.mp3
2025-07-02 15:50:54,609 - INFO - Generated audio for '<speak>on</speak>' at D:\vocabswipe.github.io\data\audio\front\on.mp3
2025-07-02 15:50:55,369 - INFO - Generated audio for '<speak>The book is on the table.</speak>' at D:\vocabswipe.github.io\data\audio\back\on\on_The_book_is_on_the_table.mp3
2025-07-02 15:50:55,944 - INFO - Generated audio for '<speak>We’ll meet on Friday.</speak>' at D:\vocabswipe.github.io\data\audio\back\on\on_Well_meet_on_Friday.mp3
2025-07-02 15:50:56,566 - INFO - Generated audio for '<speak>She’s working on a new project.</speak>' at D:\vocabswipe.github.io\data\audio\back\on\on_Shes_working_on_a_new_project.mp3
2025-07-02 15:50:58,679 - INFO - Generated audio for '<speak>He gave a talk on climate change.</speak>' at D:\vocabswipe.github.io\data\audio\back\on\on_He_gave_a_talk_on_climate_change.mp3
2025-07-02 15:51:02,068 - INFO - Generated audio for '<speak>The light is on in the kitchen.</speak>' at D:\vocabswipe.github.io\data\audio\back\on\on_The_light_is_on_in_the_kitchen.mp3
2025-07-02 15:51:04,199 - INFO - Generated audio for '<speak>this</speak>' at D:\vocabswipe.github.io\data\audio\front\this.mp3
2025-07-02 15:51:10,552 - INFO - Generated audio for '<speak>This coffee tastes amazing.</speak>' at D:\vocabswipe.github.io\data\audio\back\this\this_This_coffee_tastes_amazing.mp3
2025-07-02 15:51:11,210 - INFO - Generated audio for '<speak>This is why I love hiking.</speak>' at D:\vocabswipe.github.io\data\audio\back\this\this_This_is_why_I_love_hiking.mp3
2025-07-02 15:51:11,806 - INFO - Generated audio for '<speak>Take this pen to write it down.</speak>' at D:\vocabswipe.github.io\data\audio\back\this\this_Take_this_pen_to_write_it_down.mp3
2025-07-02 15:51:12,530 - INFO - Generated audio for '<speak>This week has been so busy.</speak>' at D:\vocabswipe.github.io\data\audio\back\this\this_This_week_has_been_so_busy.mp3
2025-07-02 15:51:13,159 - INFO - Generated audio for '<speak>This moment feels so special.</speak>' at D:\vocabswipe.github.io\data\audio\back\this\this_This_moment_feels_so_special.mp3
2025-07-02 15:51:13,556 - INFO - Generated audio for '<speak>n't</speak>' at D:\vocabswipe.github.io\data\audio\front\n't.mp3
2025-07-02 15:51:14,155 - INFO - Generated audio for '<speak>I can’t go to the party tonight.</speak>' at D:\vocabswipe.github.io\data\audio\back\n't\n't_I_cant_go_to_the_party_tonight.mp3
2025-07-02 15:51:14,774 - INFO - Generated audio for '<speak>She doesn’t like spicy food.</speak>' at D:\vocabswipe.github.io\data\audio\back\n't\n't_She_doesnt_like_spicy_food.mp3
2025-07-02 15:51:15,354 - INFO - Generated audio for '<speak>Don’t you want to come along?</speak>' at D:\vocabswipe.github.io\data\audio\back\n't\n't_Dont_you_want_to_come_along.mp3
2025-07-02 15:51:15,947 - INFO - Generated audio for '<speak>You shouldn’t touch that wire.</speak>' at D:\vocabswipe.github.io\data\audio\back\n't\n't_You_shouldnt_touch_that_wire.mp3
2025-07-02 15:51:16,319 - INFO - Generated audio for '<speak>There isn’t any milk left.</speak>' at D:\vocabswipe.github.io\data\audio\back\n't\n't_There_isnt_any_milk_left.mp3
2025-07-02 15:51:18,205 - INFO - Generated audio for '<speak>we</speak>' at D:\vocabswipe.github.io\data\audio\front\we.mp3
2025-07-02 15:51:19,154 - INFO - Generated audio for '<speak>We are going to the movies.</speak>' at D:\vocabswipe.github.io\data\audio\back\we\we_We_are_going_to_the_movies.mp3
2025-07-02 15:51:19,786 - INFO - Generated audio for '<speak>We finished the project together.</speak>' at D:\vocabswipe.github.io\data\audio\back\we\we_We_finished_the_project_together.mp3
2025-07-02 15:51:20,123 - INFO - Generated audio for '<speak>We need to talk about this.</speak>' at D:\vocabswipe.github.io\data\audio\back\we\we_We_need_to_talk_about_this.mp3
2025-07-02 15:51:20,555 - INFO - Generated audio for '<speak>We think this plan will work.</speak>' at D:\vocabswipe.github.io\data\audio\back\we\we_We_think_this_plan_will_work.mp3
2025-07-02 15:51:25,780 - INFO - Generated audio for '<speak>We had so much fun yesterday.</speak>' at D:\vocabswipe.github.io\data\audio\back\we\we_We_had_so_much_fun_yesterday.mp3
2025-07-02 15:51:25,852 - INFO - Successfully saved: D:\vocabswipe.github.io\data\vocab3000_database.yaml
2025-07-02 15:51:25,861 - INFO - Report saved to: D:\vocabswipe.github.io\data\reports\vocab3000_report_20250702_155125.txt
2025-07-02 15:51:25,871 - INFO - Successfully saved: D:\vocabswipe.github.io\data\temp\temp_vocab3000.jsonl
2025-07-02 15:51:25,881 - INFO - Batch processed successfully. temp_vocab3000.jsonl cleared.
2025-07-02 16:10:45,344 - INFO - Found credentials in shared credentials file: ~/.aws/credentials
2025-07-02 16:10:45,570 - INFO - AWS Polly client initialized successfully.
2025-07-02 16:10:45,577 - INFO - Loading: D:\vocabswipe.github.io\data\vocab3000_database.yaml
2025-07-02 16:10:45,646 - INFO - Loading: D:\vocabswipe.github.io\data\temp\temp_vocab3000.jsonl
2025-07-02 16:10:45,648 - INFO - Backup created at: D:\vocabswipe.github.io\data\temp\backup_vocab3000_20250702_161045.jsonl
2025-07-02 16:10:45,652 - INFO - Loading: D:\vocabswipe.github.io\data\temp\temp_vocab3000_log.yaml
2025-07-02 16:10:45,761 - INFO - Successfully saved: D:\vocabswipe.github.io\data\temp\temp_vocab3000_log.yaml
2025-07-02 16:10:45,762 - INFO - Appended 20 entries to D:\vocabswipe.github.io\data\temp\temp_vocab3000_log.yaml
2025-07-02 16:10:45,762 - INFO - Loading: D:\vocabswipe.github.io\data\vocab3000_database.yaml
2025-07-02 16:10:47,197 - INFO - Generated audio for '<speak>not</speak>' at D:\vocabswipe.github.io\data\audio\front\not.mp3
2025-07-02 16:10:47,512 - INFO - Generated audio for '<speak>I’m not going to the party.</speak>' at D:\vocabswipe.github.io\data\audio\back\not\not_Im_not_going_to_the_party.mp3
2025-07-02 16:10:47,910 - INFO - Generated audio for '<speak>That’s not what I meant.</speak>' at D:\vocabswipe.github.io\data\audio\back\not\not_Thats_not_what_I_meant.mp3
2025-07-02 16:10:48,253 - INFO - Generated audio for '<speak>Do not touch the hot stove.</speak>' at D:\vocabswipe.github.io\data\audio\back\not\not_Do_not_touch_the_hot_stove.mp3
2025-07-02 16:10:48,567 - INFO - Generated audio for '<speak>There’s not enough time today.</speak>' at D:\vocabswipe.github.io\data\audio\back\not\not_Theres_not_enough_time_today.mp3
2025-07-02 16:10:48,973 - INFO - Generated audio for '<speak>It’s not blue, it’s green.</speak>' at D:\vocabswipe.github.io\data\audio\back\not\not_Its_not_blue_its_green.mp3
2025-07-02 16:10:49,345 - INFO - Generated audio for '<speak>but</speak>' at D:\vocabswipe.github.io\data\audio\front\but.mp3
2025-07-02 16:10:49,748 - INFO - Generated audio for '<speak>I wanted to go, but I was tired.</speak>' at D:\vocabswipe.github.io\data\audio\back\but\but_I_wanted_to_go_but_I_was_tired.mp3
2025-07-02 16:10:50,065 - INFO - Generated audio for '<speak>Everyone but Tom was there.</speak>' at D:\vocabswipe.github.io\data\audio\back\but\but_Everyone_but_Tom_was_there.mp3
2025-07-02 16:10:50,385 - INFO - Generated audio for '<speak>It’s not perfect, but it works.</speak>' at D:\vocabswipe.github.io\data\audio\back\but\but_Its_not_perfect_but_it_works.mp3
2025-07-02 16:10:50,699 - INFO - Generated audio for '<speak>She’s young, but very talented.</speak>' at D:\vocabswipe.github.io\data\audio\back\but\but_Shes_young_but_very_talented.mp3
2025-07-02 16:10:51,016 - INFO - Generated audio for '<speak>I’d help, but I’m too busy.</speak>' at D:\vocabswipe.github.io\data\audio\back\but\but_Id_help_but_Im_too_busy.mp3
2025-07-02 16:10:51,373 - INFO - Generated audio for '<speak>they</speak>' at D:\vocabswipe.github.io\data\audio\front\they.mp3
2025-07-02 16:10:51,688 - INFO - Generated audio for '<speak>They went to the park together.</speak>' at D:\vocabswipe.github.io\data\audio\back\they\they_They_went_to_the_park_together.mp3
2025-07-02 16:10:52,024 - INFO - Generated audio for '<speak>The kids? They’re playing outside.</speak>' at D:\vocabswipe.github.io\data\audio\back\they\they_The_kids_Theyre_playing_outside.mp3
2025-07-02 16:10:52,336 - INFO - Generated audio for '<speak>They say it’s going to rain.</speak>' at D:\vocabswipe.github.io\data\audio\back\they\they_They_say_its_going_to_rain.mp3
2025-07-02 16:10:52,705 - INFO - Generated audio for '<speak>If they call, take a message.</speak>' at D:\vocabswipe.github.io\data\audio\back\they\they_If_they_call_take_a_message.mp3
2025-07-02 16:10:53,020 - INFO - Generated audio for '<speak>They built a new school nearby.</speak>' at D:\vocabswipe.github.io\data\audio\back\they\they_They_built_a_new_school_nearby.mp3
2025-07-02 16:10:53,327 - INFO - Generated audio for '<speak>say</speak>' at D:\vocabswipe.github.io\data\audio\front\say.mp3
2025-07-02 16:10:53,648 - INFO - Generated audio for '<speak>She says she’ll be here soon.</speak>' at D:\vocabswipe.github.io\data\audio\back\say\say_She_says_shell_be_here_soon.mp3
2025-07-02 16:10:53,962 - INFO - Generated audio for '<speak>They say the movie is great.</speak>' at D:\vocabswipe.github.io\data\audio\back\say\say_They_say_the_movie_is_great.mp3
2025-07-02 16:10:54,345 - INFO - Generated audio for '<speak>He said to meet at noon.</speak>' at D:\vocabswipe.github.io\data\audio\back\say\say_He_said_to_meet_at_noon.mp3
2025-07-02 16:10:54,662 - INFO - Generated audio for '<speak>The news says it’s snowing.</speak>' at D:\vocabswipe.github.io\data\audio\back\say\say_The_news_says_its_snowing.mp3
2025-07-02 16:10:54,979 - INFO - Generated audio for '<speak>Her smile says she’s happy.</speak>' at D:\vocabswipe.github.io\data\audio\back\say\say_Her_smile_says_shes_happy.mp3
2025-07-02 16:10:55,368 - INFO - Generated audio for '<speak>at</speak>' at D:\vocabswipe.github.io\data\audio\front\at.mp3
2025-07-02 16:10:55,705 - INFO - Generated audio for '<speak>Meet me at the coffee shop.</speak>' at D:\vocabswipe.github.io\data\audio\back\at\at_Meet_me_at_the_coffee_shop.mp3
2025-07-02 16:10:56,023 - INFO - Generated audio for '<speak>The show starts at 7 p.m.</speak>' at D:\vocabswipe.github.io\data\audio\back\at\at_The_show_starts_at_7_pm.mp3
2025-07-02 16:10:56,384 - INFO - Generated audio for '<speak>She waved at her friend.</speak>' at D:\vocabswipe.github.io\data\audio\back\at\at_She_waved_at_her_friend.mp3
2025-07-02 16:10:56,715 - INFO - Generated audio for '<speak>Gas is sold at $3 a gallon.</speak>' at D:\vocabswipe.github.io\data\audio\back\at\at_Gas_is_sold_at_3_a_gallon.mp3
2025-07-02 16:10:57,037 - INFO - Generated audio for '<speak>He’s good at solving puzzles.</speak>' at D:\vocabswipe.github.io\data\audio\back\at\at_Hes_good_at_solving_puzzles.mp3
2025-07-02 16:10:57,347 - INFO - Generated audio for '<speak>what</speak>' at D:\vocabswipe.github.io\data\audio\front\what.mp3
2025-07-02 16:10:57,675 - INFO - Generated audio for '<speak>What time is the meeting?</speak>' at D:\vocabswipe.github.io\data\audio\back\what\what_What_time_is_the_meeting.mp3
2025-07-02 16:11:00,795 - INFO - Generated audio for '<speak>I don’t know what happened.</speak>' at D:\vocabswipe.github.io\data\audio\back\what\what_I_dont_know_what_happened.mp3
2025-07-02 16:11:01,408 - INFO - Generated audio for '<speak>What! You got a new car?</speak>' at D:\vocabswipe.github.io\data\audio\back\what\what_What_You_got_a_new_car.mp3
2025-07-02 16:11:01,722 - INFO - Generated audio for '<speak>What did you say just now?</speak>' at D:\vocabswipe.github.io\data\audio\back\what\what_What_did_you_say_just_now.mp3
2025-07-02 16:11:02,036 - INFO - Generated audio for '<speak>Tell me what you want to do.</speak>' at D:\vocabswipe.github.io\data\audio\back\what\what_Tell_me_what_you_want_to_do.mp3
2025-07-02 16:11:02,338 - INFO - Generated audio for '<speak>his</speak>' at D:\vocabswipe.github.io\data\audio\front\his.mp3
2025-07-02 16:11:02,653 - INFO - Generated audio for '<speak>That’s his jacket on the chair.</speak>' at D:\vocabswipe.github.io\data\audio\back\his\his_Thats_his_jacket_on_the_chair.mp3
2025-07-02 16:11:02,978 - INFO - Generated audio for '<speak>His dog is really friendly.</speak>' at D:\vocabswipe.github.io\data\audio\back\his\his_His_dog_is_really_friendly.mp3
2025-07-02 16:11:03,295 - INFO - Generated audio for '<speak>His smile lights up the room.</speak>' at D:\vocabswipe.github.io\data\audio\back\his\his_His_smile_lights_up_the_room.mp3
2025-07-02 16:11:03,610 - INFO - Generated audio for '<speak>I borrowed his pen yesterday.</speak>' at D:\vocabswipe.github.io\data\audio\back\his\his_I_borrowed_his_pen_yesterday.mp3
2025-07-02 16:11:03,927 - INFO - Generated audio for '<speak>That was his idea, not mine.</speak>' at D:\vocabswipe.github.io\data\audio\back\his\his_That_was_his_idea_not_mine.mp3
2025-07-02 16:11:04,233 - INFO - Generated audio for '<speak>from</speak>' at D:\vocabswipe.github.io\data\audio\front\from.mp3
2025-07-02 16:11:04,548 - INFO - Generated audio for '<speak>I’m from Chicago originally.</speak>' at D:\vocabswipe.github.io\data\audio\back\from\from_Im_from_Chicago_originally.mp3
2025-07-02 16:11:05,016 - INFO - Generated audio for '<speak>Take the book from the shelf.</speak>' at D:\vocabswipe.github.io\data\audio\back\from\from_Take_the_book_from_the_shelf.mp3
2025-07-02 16:11:05,328 - INFO - Generated audio for '<speak>She learned it from her teacher.</speak>' at D:\vocabswipe.github.io\data\audio\back\from\from_She_learned_it_from_her_teacher.mp3
2025-07-02 16:11:05,643 - INFO - Generated audio for '<speak>We’re open from 9 to 5.</speak>' at D:\vocabswipe.github.io\data\audio\back\from\from_Were_open_from_9_to_5.mp3
2025-07-02 16:11:05,959 - INFO - Generated audio for '<speak>This is different from that one.</speak>' at D:\vocabswipe.github.io\data\audio\back\from\from_This_is_different_from_that_one.mp3
2025-07-02 16:11:06,261 - INFO - Generated audio for '<speak>go</speak>' at D:\vocabswipe.github.io\data\audio\front\go.mp3
2025-07-02 16:11:06,595 - INFO - Generated audio for '<speak>Let’s go to the park.</speak>' at D:\vocabswipe.github.io\data\audio\back\go\go_Lets_go_to_the_park.mp3
2025-07-02 16:11:06,913 - INFO - Generated audio for '<speak>The train goes in ten minutes.</speak>' at D:\vocabswipe.github.io\data\audio\back\go\go_The_train_goes_in_ten_minutes.mp3
2025-07-02 16:11:07,227 - INFO - Generated audio for '<speak>Does your watch still go?</speak>' at D:\vocabswipe.github.io\data\audio\back\go\go_Does_your_watch_still_go.mp3
2025-07-02 16:11:07,545 - INFO - Generated audio for '<speak>The party went on all night.</speak>' at D:\vocabswipe.github.io\data\audio\back\go\go_The_party_went_on_all_night.mp3
2025-07-02 16:11:07,863 - INFO - Generated audio for '<speak>This shirt goes with those pants.</speak>' at D:\vocabswipe.github.io\data\audio\back\go\go_This_shirt_goes_with_those_pants.mp3
2025-07-02 16:11:08,164 - INFO - Generated audio for '<speak>or</speak>' at D:\vocabswipe.github.io\data\audio\front\or.mp3
2025-07-02 16:11:08,483 - INFO - Generated audio for '<speak>Do you want tea or coffee?</speak>' at D:\vocabswipe.github.io\data\audio\back\or\or_Do_you_want_tea_or_coffee.mp3
2025-07-02 16:11:08,798 - INFO - Generated audio for '<speak>Hurry, or we’ll be late.</speak>' at D:\vocabswipe.github.io\data\audio\back\or\or_Hurry_or_well_be_late.mp3
2025-07-02 16:11:09,149 - INFO - Generated audio for '<speak>It’s a fox, or maybe a coyote.</speak>' at D:\vocabswipe.github.io\data\audio\back\or\or_Its_a_fox_or_maybe_a_coyote.mp3
2025-07-02 16:11:11,066 - INFO - Generated audio for '<speak>Study, or you’ll fail the test.</speak>' at D:\vocabswipe.github.io\data\audio\back\or\or_Study_or_youll_fail_the_test.mp3
2025-07-02 16:11:11,383 - INFO - Generated audio for '<speak>You can call or text me.</speak>' at D:\vocabswipe.github.io\data\audio\back\or\or_You_can_call_or_text_me.mp3
2025-07-02 16:11:11,692 - INFO - Generated audio for '<speak>by</speak>' at D:\vocabswipe.github.io\data\audio\front\by.mp3
2025-07-02 16:11:12,007 - INFO - Generated audio for '<speak>I sent it by email.</speak>' at D:\vocabswipe.github.io\data\audio\back\by\by_I_sent_it_by_email.mp3
2025-07-02 16:11:12,323 - INFO - Generated audio for '<speak>The park is by the river.</speak>' at D:\vocabswipe.github.io\data\audio\back\by\by_The_park_is_by_the_river.mp3
2025-07-02 16:11:12,642 - INFO - Generated audio for '<speak>The book was written by her.</speak>' at D:\vocabswipe.github.io\data\audio\back\by\by_The_book_was_written_by_her.mp3
2025-07-02 16:11:12,960 - INFO - Generated audio for '<speak>Finish this by tomorrow.</speak>' at D:\vocabswipe.github.io\data\audio\back\by\by_Finish_this_by_tomorrow.mp3
2025-07-02 16:11:13,274 - INFO - Generated audio for '<speak>We’re ahead by two points.</speak>' at D:\vocabswipe.github.io\data\audio\back\by\by_Were_ahead_by_two_points.mp3
2025-07-02 16:11:13,574 - INFO - Generated audio for '<speak>get</speak>' at D:\vocabswipe.github.io\data\audio\front\get.mp3
2025-07-02 16:11:13,964 - INFO - Generated audio for '<speak>I need to get some groceries.</speak>' at D:\vocabswipe.github.io\data\audio\back\get\get_I_need_to_get_some_groceries.mp3
2025-07-02 16:11:14,280 - INFO - Generated audio for '<speak>I don’t get what you mean.</speak>' at D:\vocabswipe.github.io\data\audio\back\get\get_I_dont_get_what_you_mean.mp3
2025-07-02 16:11:14,594 - INFO - Generated audio for '<speak>We got to the airport early.</speak>' at D:\vocabswipe.github.io\data\audio\back\get\get_We_got_to_the_airport_early.mp3
2025-07-02 16:11:14,911 - INFO - Generated audio for '<speak>It’s getting cold outside.</speak>' at D:\vocabswipe.github.io\data\audio\back\get\get_Its_getting_cold_outside.mp3
2025-07-02 16:11:15,226 - INFO - Generated audio for '<speak>She got a gift for her birthday.</speak>' at D:\vocabswipe.github.io\data\audio\back\get\get_She_got_a_gift_for_her_birthday.mp3
2025-07-02 16:11:15,527 - INFO - Generated audio for '<speak>she</speak>' at D:\vocabswipe.github.io\data\audio\front\she.mp3
2025-07-02 16:11:15,839 - INFO - Generated audio for '<speak>She went to the store.</speak>' at D:\vocabswipe.github.io\data\audio\back\she\she_She_went_to_the_store.mp3
2025-07-02 16:11:16,153 - INFO - Generated audio for '<speak>She always helps her friends.</speak>' at D:\vocabswipe.github.io\data\audio\back\she\she_She_always_helps_her_friends.mp3
2025-07-02 16:11:16,472 - INFO - Generated audio for '<speak>I saw her at the party.</speak>' at D:\vocabswipe.github.io\data\audio\back\she\she_I_saw_her_at_the_party.mp3
2025-07-02 16:11:16,788 - INFO - Generated audio for '<speak>She was the star of the show.</speak>' at D:\vocabswipe.github.io\data\audio\back\she\she_She_was_the_star_of_the_show.mp3
2025-07-02 16:11:17,104 - INFO - Generated audio for '<speak>If she calls, let me know.</speak>' at D:\vocabswipe.github.io\data\audio\back\she\she_If_she_calls_let_me_know.mp3
2025-07-02 16:11:17,410 - INFO - Generated audio for '<speak>my</speak>' at D:\vocabswipe.github.io\data\audio\front\my.mp3
2025-07-02 16:11:17,724 - INFO - Generated audio for '<speak>This is my favorite book.</speak>' at D:\vocabswipe.github.io\data\audio\back\my\my_This_is_my_favorite_book.mp3
2025-07-02 16:11:18,039 - INFO - Generated audio for '<speak>My phone is on the table.</speak>' at D:\vocabswipe.github.io\data\audio\back\my\my_My_phone_is_on_the_table.mp3
2025-07-02 16:11:18,355 - INFO - Generated audio for '<speak>My mom makes great cookies.</speak>' at D:\vocabswipe.github.io\data\audio\back\my\my_My_mom_makes_great_cookies.mp3
2025-07-02 16:11:18,688 - INFO - Generated audio for '<speak>My job keeps me busy.</speak>' at D:\vocabswipe.github.io\data\audio\back\my\my_My_job_keeps_me_busy.mp3
2025-07-02 16:11:19,136 - INFO - Generated audio for '<speak>My day was really hectic.</speak>' at D:\vocabswipe.github.io\data\audio\back\my\my_My_day_was_really_hectic.mp3
2025-07-02 16:11:19,450 - INFO - Generated audio for '<speak>can</speak>' at D:\vocabswipe.github.io\data\audio\front\can.mp3
2025-07-02 16:11:19,842 - INFO - Generated audio for '<speak>I can swim really well.</speak>' at D:\vocabswipe.github.io\data\audio\back\can\can_I_can_swim_really_well.mp3
2025-07-02 16:11:20,156 - INFO - Generated audio for '<speak>You can borrow my book.</speak>' at D:\vocabswipe.github.io\data\audio\back\can\can_You_can_borrow_my_book.mp3
2025-07-02 16:11:20,470 - INFO - Generated audio for '<speak>It can rain this afternoon.</speak>' at D:\vocabswipe.github.io\data\audio\back\can\can_It_can_rain_this_afternoon.mp3
2025-07-02 16:11:20,785 - INFO - Generated audio for '<speak>Can you help me with this?</speak>' at D:\vocabswipe.github.io\data\audio\back\can\can_Can_you_help_me_with_this.mp3
2025-07-02 16:11:21,100 - INFO - Generated audio for '<speak>Anyone can learn to cook.</speak>' at D:\vocabswipe.github.io\data\audio\back\can\can_Anyone_can_learn_to_cook.mp3
2025-07-02 16:11:21,402 - INFO - Generated audio for '<speak>as</speak>' at D:\vocabswipe.github.io\data\audio\front\as.mp3
2025-07-02 16:11:21,717 - INFO - Generated audio for '<speak>She’s as tall as her brother.</speak>' at D:\vocabswipe.github.io\data\audio\back\as\as_Shes_as_tall_as_her_brother.mp3
2025-07-02 16:11:22,031 - INFO - Generated audio for '<speak>He works as a teacher.</speak>' at D:\vocabswipe.github.io\data\audio\back\as\as_He_works_as_a_teacher.mp3
2025-07-02 16:11:22,347 - INFO - Generated audio for '<speak>I stayed home as I was sick.</speak>' at D:\vocabswipe.github.io\data\audio\back\as\as_I_stayed_home_as_I_was_sick.mp3
2025-07-02 16:11:22,664 - INFO - Generated audio for '<speak>I waved as she drove by.</speak>' at D:\vocabswipe.github.io\data\audio\back\as\as_I_waved_as_she_drove_by.mp3
2025-07-02 16:11:22,984 - INFO - Generated audio for '<speak>Do it as I showed you.</speak>' at D:\vocabswipe.github.io\data\audio\back\as\as_Do_it_as_I_showed_you.mp3
2025-07-02 16:11:23,286 - INFO - Generated audio for '<speak>know</speak>' at D:\vocabswipe.github.io\data\audio\front\know.mp3
2025-07-02 16:11:23,603 - INFO - Generated audio for '<speak>I know the answer to that.</speak>' at D:\vocabswipe.github.io\data\audio\back\know\know_I_know_the_answer_to_that.mp3
2025-07-02 16:11:23,918 - INFO - Generated audio for '<speak>She knows the city well.</speak>' at D:\vocabswipe.github.io\data\audio\back\know\know_She_knows_the_city_well.mp3
2025-07-02 16:11:24,231 - INFO - Generated audio for '<speak>I know how you feel.</speak>' at D:\vocabswipe.github.io\data\audio\back\know\know_I_know_how_you_feel.mp3
2025-07-02 16:11:25,517 - INFO - Generated audio for '<speak>You’ll know him by his red hat.</speak>' at D:\vocabswipe.github.io\data\audio\back\know\know_Youll_know_him_by_his_red_hat.mp3
2025-07-02 16:11:25,856 - INFO - Generated audio for '<speak>I know this song by heart.</speak>' at D:\vocabswipe.github.io\data\audio\back\know\know_I_know_this_song_by_heart.mp3
2025-07-02 16:11:26,179 - INFO - Generated audio for '<speak>if</speak>' at D:\vocabswipe.github.io\data\audio\front\if.mp3
2025-07-02 16:11:26,519 - INFO - Generated audio for '<speak>I’ll go if you’re going too.</speak>' at D:\vocabswipe.github.io\data\audio\back\if\if_Ill_go_if_youre_going_too.mp3
2025-07-02 16:11:26,866 - INFO - Generated audio for '<speak>I wonder if she’ll call.</speak>' at D:\vocabswipe.github.io\data\audio\back\if\if_I_wonder_if_shell_call.mp3
2025-07-02 16:11:27,216 - INFO - Generated audio for '<speak>What if we miss the bus?</speak>' at D:\vocabswipe.github.io\data\audio\back\if\if_What_if_we_miss_the_bus.mp3
2025-07-02 16:11:27,564 - INFO - Generated audio for '<speak>If you don’t mind, I’ll leave.</speak>' at D:\vocabswipe.github.io\data\audio\back\if\if_If_you_dont_mind_Ill_leave.mp3
2025-07-02 16:11:27,964 - INFO - Generated audio for '<speak>You can join if you’re ready.</speak>' at D:\vocabswipe.github.io\data\audio\back\if\if_You_can_join_if_youre_ready.mp3
2025-07-02 16:11:28,323 - INFO - Generated audio for '<speak>me</speak>' at D:\vocabswipe.github.io\data\audio\front\me.mp3
2025-07-02 16:11:28,701 - INFO - Generated audio for '<speak>She gave me a book.</speak>' at D:\vocabswipe.github.io\data\audio\back\me\me_She_gave_me_a_book.mp3
2025-07-02 16:11:30,492 - INFO - Generated audio for '<speak>Tell me what happened.</speak>' at D:\vocabswipe.github.io\data\audio\back\me\me_Tell_me_what_happened.mp3
2025-07-02 16:11:30,840 - INFO - Generated audio for '<speak>That song means a lot to me.</speak>' at D:\vocabswipe.github.io\data\audio\back\me\me_That_song_means_a_lot_to_me.mp3
2025-07-02 16:11:31,193 - INFO - Generated audio for '<speak>Wait for me at the station.</speak>' at D:\vocabswipe.github.io\data\audio\back\me\me_Wait_for_me_at_the_station.mp3
2025-07-02 16:11:31,548 - INFO - Generated audio for '<speak>I bought myself a new phone.</speak>' at D:\vocabswipe.github.io\data\audio\back\me\me_I_bought_myself_a_new_phone.mp3
2025-07-02 16:11:31,883 - INFO - Generated audio for '<speak>your</speak>' at D:\vocabswipe.github.io\data\audio\front\your.mp3
2025-07-02 16:11:32,236 - INFO - Generated audio for '<speak>Is this your jacket?</speak>' at D:\vocabswipe.github.io\data\audio\back\your\your_Is_this_your_jacket.mp3
2025-07-02 16:11:32,587 - INFO - Generated audio for '<speak>Your car is parked outside.</speak>' at D:\vocabswipe.github.io\data\audio\back\your\your_Your_car_is_parked_outside.mp3
2025-07-02 16:11:32,923 - INFO - Generated audio for '<speak>I like your new hairstyle.</speak>' at D:\vocabswipe.github.io\data\audio\back\your\your_I_like_your_new_hairstyle.mp3
2025-07-02 16:11:33,267 - INFO - Generated audio for '<speak>Your health is important.</speak>' at D:\vocabswipe.github.io\data\audio\back\your\your_Your_health_is_important.mp3
2025-07-02 16:11:33,613 - INFO - Generated audio for '<speak>Your idea sounds really good.</speak>' at D:\vocabswipe.github.io\data\audio\back\your\your_Your_idea_sounds_really_good.mp3
2025-07-02 16:11:33,785 - INFO - Successfully saved: D:\vocabswipe.github.io\data\vocab3000_database.yaml
2025-07-02 16:11:33,794 - INFO - Report saved to: D:\vocabswipe.github.io\data\reports\vocab3000_report_20250702_161133.txt
2025-07-02 16:11:33,801 - INFO - Successfully saved: D:\vocabswipe.github.io\data\temp\temp_vocab3000.jsonl
2025-07-02 16:11:33,802 - INFO - Batch processed successfully. temp_vocab3000.jsonl cleared.
