2025-06-23 00:31:53,240 - INFO - Found credentials in shared credentials file: ~/.aws/credentials
2025-06-23 00:31:53,445 - INFO - AWS Polly client initialized successfully.
2025-06-23 00:31:53,445 - INFO - Attempting to load: D:\vocabswipe.github.io\data\temp\temp_vocab.yaml
2025-06-23 00:31:53,610 - INFO - Attempting to load: D:\vocabswipe.github.io\data\temp\temp_vocab_log.yaml
2025-06-23 00:31:54,955 - INFO - Saved data to D:\vocabswipe.github.io\data\temp\temp_vocab_log.yaml
2025-06-23 00:31:54,955 - INFO - Appended 287 entries to D:\vocabswipe.github.io\data\temp\temp_vocab_log.yaml
2025-06-23 00:31:54,958 - INFO - Attempting to load: D:\vocabswipe.github.io\data\vocab_database.yaml
2025-06-23 00:31:56,897 - INFO - Generated audio for '<speak>airline</speak>' with voice Kendra at D:\vocabswipe.github.io\data\audio\airline_word+Kendra+6d2f2f94fa73ef5eb2bbae22b368290a.mp3
2025-06-23 00:31:57,513 - INFO - Generated audio for '<speak>airline. The airline canceled the flight.</speak>' with voice Kendra at D:\vocabswipe.github.io\data\audio\airline_sentence+Kendra+32b1a4f1c2a2eff2cdbc8e316836dfa4.mp3
2025-06-23 00:31:57,866 - INFO - Generated audio for '<speak>airliner</speak>' with voice Joey at D:\vocabswipe.github.io\data\audio\airliner_word+Joey+a495acff5657585ac2006d75fe79b5b9.mp3
2025-06-23 00:31:58,810 - INFO - Generated audio for '<speak>airliner. The airliner landed safely.</speak>' with voice Joey at D:\vocabswipe.github.io\data\audio\airliner_sentence+Joey+fca7d176618204389f9049310cac5371.mp3
2025-06-23 00:31:59,153 - INFO - Generated audio for '<speak>airlock</speak>' with voice Kendra at D:\vocabswipe.github.io\data\audio\airlock_word+Kendra+a014728ad80ad061acbed537a39289bb.mp3
2025-06-23 00:31:59,553 - INFO - Generated audio for '<speak>airlock. The astronaut entered the airlock.</speak>' with voice Kendra at D:\vocabswipe.github.io\data\audio\airlock_sentence+Kendra+a4ad12a25aaf0581f9961b716fd9f17f.mp3
2025-06-23 00:31:59,894 - INFO - Generated audio for '<speak>airmail</speak>' with voice Joey at D:\vocabswipe.github.io\data\audio\airmail_word+Joey+c784655672fdf93091749710f2e9428b.mp3
2025-06-23 00:32:00,283 - INFO - Generated audio for '<speak>airmail. She sent the letter by airmail.</speak>' with voice Joey at D:\vocabswipe.github.io\data\audio\airmail_sentence+Joey+39cb801ab4cdc24683ff4ad61f44c2aa.mp3
2025-06-23 00:32:00,613 - INFO - Generated audio for '<speak>airman</speak>' with voice Matthew at D:\vocabswipe.github.io\data\audio\airman_word+Matthew+f258fae58d438a723ad13efc7ea97fbd.mp3
2025-06-23 00:32:02,195 - INFO - Generated audio for '<speak>airman. The airman flew the jet.</speak>' with voice Matthew at D:\vocabswipe.github.io\data\audio\airman_sentence+Matthew+d458cfd0772514673c904f6e1dd5452b.mp3
2025-06-23 00:32:02,616 - INFO - Generated audio for '<speak>air miles</speak>' with voice Matthew at D:\vocabswipe.github.io\data\audio\air_miles_word+Matthew+a8e65b97769069776306e47e4bf0259d.mp3
2025-06-23 00:32:03,208 - INFO - Generated audio for '<speak>air miles. He used air miles for a free ticket.</speak>' with voice Matthew at D:\vocabswipe.github.io\data\audio\air_miles_sentence+Matthew+a9a85714c8e77342bf8a6288fa3a8b5e.mp3
2025-06-23 00:32:03,550 - INFO - Generated audio for '<speak>air pistol</speak>' with voice Joanna at D:\vocabswipe.github.io\data\audio\air_pistol_word+Joanna+24e3e4499127e1152c99084673b5dba2.mp3
2025-06-23 00:32:04,875 - INFO - Generated audio for '<speak>air pistol. She practiced with an air pistol.</speak>' with voice Joanna at D:\vocabswipe.github.io\data\audio\air_pistol_sentence+Joanna+291897289a7caaf657a1f12504aea1ae.mp3
2025-06-23 00:32:05,278 - INFO - Generated audio for '<speak>airplane</speak>' with voice Joanna at D:\vocabswipe.github.io\data\audio\airplane_word+Joanna+45ea37a8b034ece4d08639d18d913ad0.mp3
2025-06-23 00:32:06,085 - INFO - Generated audio for '<speak>airplane. The airplane took off on time.</speak>' with voice Joanna at D:\vocabswipe.github.io\data\audio\airplane_sentence+Joanna+84967c6cd7db1481f711a98b09c67398.mp3
2025-06-23 00:32:06,440 - INFO - Generated audio for '<speak>airplay</speak>' with voice Stephen at D:\vocabswipe.github.io\data\audio\airplay_word+Stephen+4b81dcdd7f8a7f9e959381503f192465.mp3
2025-06-23 00:32:07,082 - INFO - Generated audio for '<speak>airplay. The song got a lot of airplay.</speak>' with voice Stephen at D:\vocabswipe.github.io\data\audio\airplay_sentence+Stephen+13f691c0b39aa8355a2755dd16abd67e.mp3
2025-06-23 00:32:07,400 - INFO - Generated audio for '<speak>airport</speak>' with voice Matthew at D:\vocabswipe.github.io\data\audio\airport_word+Matthew+4a776428d7409fc7091a8e2aaecbff48.mp3
2025-06-23 00:32:07,782 - INFO - Generated audio for '<speak>airport. We arrived at the airport early.</speak>' with voice Matthew at D:\vocabswipe.github.io\data\audio\airport_sentence+Matthew+0eba1a4cb88e9f43992bcbd7e1e135f3.mp3
2025-06-23 00:32:09,881 - INFO - Generated audio for '<speak>air power</speak>' with voice Joey at D:\vocabswipe.github.io\data\audio\air_power_word+Joey+6e65c7637e2e8beafe9d25ee70e08f8e.mp3
2025-06-23 00:32:10,562 - INFO - Generated audio for '<speak>air power. The country strengthened its air power.</speak>' with voice Joey at D:\vocabswipe.github.io\data\audio\air_power_sentence+Joey+08424916f4d2ac1120b322a34bc3bb3c.mp3
2025-06-23 00:32:10,899 - INFO - Generated audio for '<speak>air rage</speak>' with voice Joey at D:\vocabswipe.github.io\data\audio\air_rage_word+Joey+48dcf40e38f8af699c56b9db27eed516.mp3
2025-06-23 00:32:11,595 - INFO - Generated audio for '<speak>air rage. Air rage incidents are increasing.</speak>' with voice Joey at D:\vocabswipe.github.io\data\audio\air_rage_sentence+Joey+147477afe95f07d14a7d8dc65bba95b3.mp3
2025-06-23 00:32:11,942 - INFO - Generated audio for '<speak>air raid</speak>' with voice Joanna at D:\vocabswipe.github.io\data\audio\air_raid_word+Joanna+a7543d8711eee048459456f3c70ecc63.mp3
2025-06-23 00:32:12,644 - INFO - Generated audio for '<speak>air raid. The city survived an air raid.</speak>' with voice Joanna at D:\vocabswipe.github.io\data\audio\air_raid_sentence+Joanna+60b0309924f8dcf3ed3072328a9395c5.mp3
2025-06-23 00:32:12,999 - INFO - Generated audio for '<speak>air rifle</speak>' with voice Kendra at D:\vocabswipe.github.io\data\audio\air_rifle_word+Kendra+e81847bcce54bdb82eced5a7e4b2f876.mp3
2025-06-23 00:32:13,759 - INFO - Generated audio for '<speak>air rifle. He shot cans with an air rifle.</speak>' with voice Kendra at D:\vocabswipe.github.io\data\audio\air_rifle_sentence+Kendra+ef9bbf987c866e5037299c6aed27f2c9.mp3
2025-06-23 00:32:14,083 - INFO - Generated audio for '<speak>airship</speak>' with voice Kendra at D:\vocabswipe.github.io\data\audio\airship_word+Kendra+745ad43bcc0d196ade6a81d1aa6ecd8d.mp3
2025-06-23 00:32:14,874 - INFO - Generated audio for '<speak>airship. The airship floated above the festival.</speak>' with voice Kendra at D:\vocabswipe.github.io\data\audio\airship_sentence+Kendra+2364d76e09a37ccf7bb2d21c1e432987.mp3
2025-06-23 00:32:15,215 - INFO - Generated audio for '<speak>airshow</speak>' with voice Joanna at D:\vocabswipe.github.io\data\audio\airshow_word+Joanna+f8b6a0e2ad72f455040a6255c2c35a34.mp3
2025-06-23 00:32:15,811 - INFO - Generated audio for '<speak>airshow. The airshow featured stunt planes.</speak>' with voice Joanna at D:\vocabswipe.github.io\data\audio\airshow_sentence+Joanna+25bdd9e43ae4b0988cd298b3da14670e.mp3
2025-06-23 00:32:16,152 - INFO - Generated audio for '<speak>airsick</speak>' with voice Kendra at D:\vocabswipe.github.io\data\audio\airsick_word+Kendra+0c0e0a5bf8763a08583236fe16680db7.mp3
2025-06-23 00:32:16,789 - INFO - Generated audio for '<speak>airsick. She felt airsick during the flight.</speak>' with voice Kendra at D:\vocabswipe.github.io\data\audio\airsick_sentence+Kendra+a6d1cda643aa50812037fb4820d58803.mp3
2025-06-23 00:32:17,138 - INFO - Generated audio for '<speak>airspace</speak>' with voice Joanna at D:\vocabswipe.github.io\data\audio\airspace_word+Joanna+455604687f17dc466cb5491d3d9bceef.mp3
2025-06-23 00:32:18,172 - INFO - Generated audio for '<speak>airspace. The plane entered restricted airspace.</speak>' with voice Joanna at D:\vocabswipe.github.io\data\audio\airspace_sentence+Joanna+cafffbe9335d3fea5c49ec90057962b7.mp3
2025-06-23 00:32:18,517 - INFO - Generated audio for '<speak>airspeed</speak>' with voice Joey at D:\vocabswipe.github.io\data\audio\airspeed_word+Joey+ace543409ca191238b2ea049ba69490d.mp3
2025-06-23 00:32:19,207 - INFO - Generated audio for '<speak>airspeed. The pilot checked the airspeed.</speak>' with voice Joey at D:\vocabswipe.github.io\data\audio\airspeed_sentence+Joey+b5880f39fb8a012842d2fa039bcf5820.mp3
2025-06-23 00:32:19,544 - INFO - Generated audio for '<speak>airstrike</speak>' with voice Joey at D:\vocabswipe.github.io\data\audio\airstrike_word+Joey+f920d6c3ef8f15e84def1c06adf5efc8.mp3
2025-06-23 00:32:20,155 - INFO - Generated audio for '<speak>airstrike. The airstrike targeted the base.</speak>' with voice Joey at D:\vocabswipe.github.io\data\audio\airstrike_sentence+Joey+674b3f0b4c919e9822ba6a6d8214f991.mp3
2025-06-23 00:32:20,544 - INFO - Generated audio for '<speak>airstrip</speak>' with voice Matthew at D:\vocabswipe.github.io\data\audio\airstrip_word+Matthew+f8a81edb5b707089abe2795bd80bc2f5.mp3
2025-06-23 00:32:21,343 - INFO - Generated audio for '<speak>airstrip. The plane landed on a small airstrip.</speak>' with voice Matthew at D:\vocabswipe.github.io\data\audio\airstrip_sentence+Matthew+458a8dec1b7453b981002b976c2d103f.mp3
2025-06-23 00:32:21,695 - INFO - Generated audio for '<speak>air time</speak>' with voice Stephen at D:\vocabswipe.github.io\data\audio\air_time_word+Stephen+d733fbdd6a6ffc29b6b483f7aeafad8b.mp3
2025-06-23 00:32:22,406 - INFO - Generated audio for '<speak>air time. The show got more air time.</speak>' with voice Stephen at D:\vocabswipe.github.io\data\audio\air_time_sentence+Stephen+b9c37f296a673dd287fe3309f5ee09ca.mp3
2025-06-23 00:32:22,731 - INFO - Generated audio for '<speak>air-to-air</speak>' with voice Joanna at D:\vocabswipe.github.io\data\audio\air-to-air_word+Joanna+d6751509b3c38e9720f2c2759c93e593.mp3
2025-06-23 00:32:23,330 - INFO - Generated audio for '<speak>air-to-air. The jet fired an air-to-air missile.</speak>' with voice Joanna at D:\vocabswipe.github.io\data\audio\air-to-air_sentence+Joanna+6ff61283f6bcfdce7b332e6085a1f911.mp3
2025-06-23 00:32:23,654 - INFO - Generated audio for '<speak>air traffic controller</speak>' with voice Matthew at D:\vocabswipe.github.io\data\audio\air_traffic_controller_word+Matthew+7a169f834443347cfad9b2036f8deaef.mp3
2025-06-23 00:32:24,251 - INFO - Generated audio for '<speak>air traffic controller. The air traffic controller was busy.</speak>' with voice Matthew at D:\vocabswipe.github.io\data\audio\air_traffic_controller_sentence+Matthew+3bf9b7ff74bec950ba79590d0fc1eb89.mp3
2025-06-23 00:32:24,585 - INFO - Generated audio for '<speak>airway</speak>' with voice Joey at D:\vocabswipe.github.io\data\audio\airway_word+Joey+2d9839729d0cd709f0091bf699e52a71.mp3
2025-06-23 00:32:25,228 - INFO - Generated audio for '<speak>airway. The doctor cleared the airway.</speak>' with voice Joey at D:\vocabswipe.github.io\data\audio\airway_sentence+Joey+ce4996b92a747d99e163403dfaacc1a8.mp3
2025-06-23 00:32:25,661 - INFO - Generated audio for '<speak>airworthy</speak>' with voice Kendra at D:\vocabswipe.github.io\data\audio\airworthy_word+Kendra+4088e98d4a1da046cdf3d6dd1369d01f.mp3
2025-06-23 00:32:26,472 - INFO - Generated audio for '<speak>airworthy. The plane was deemed airworthy.</speak>' with voice Kendra at D:\vocabswipe.github.io\data\audio\airworthy_sentence+Kendra+f6d80fab1962a33952edd8845fb8486e.mp3
2025-06-23 00:32:26,854 - INFO - Generated audio for '<speak>airy</speak>' with voice Kendra at D:\vocabswipe.github.io\data\audio\airy_word+Kendra+7509db377c2cc3199b960287c4310eb9.mp3
2025-06-23 00:32:27,622 - INFO - Generated audio for '<speak>airy. The room feels airy.</speak>' with voice Kendra at D:\vocabswipe.github.io\data\audio\airy_sentence+Kendra+6d90cd6d079437417d698b36ad139106.mp3
2025-06-23 00:32:27,966 - INFO - Generated audio for '<speak>ajar</speak>' with voice Joanna at D:\vocabswipe.github.io\data\audio\ajar_word+Joanna+9b2e0ec2ed3739f707d25743e46dede8.mp3
2025-06-23 00:32:28,342 - INFO - Generated audio for '<speak>ajar. The door was left ajar.</speak>' with voice Joanna at D:\vocabswipe.github.io\data\audio\ajar_sentence+Joanna+7631a24f9a128ce6336f4f77a7108c23.mp3
2025-06-23 00:32:28,668 - INFO - Generated audio for '<speak>aka</speak>' with voice Kendra at D:\vocabswipe.github.io\data\audio\aka_word+Kendra+6ac933301a3933c8a22ceebea7000326.mp3
2025-06-23 00:32:29,345 - INFO - Generated audio for '<speak>aka. The singer, aka Star, performed.</speak>' with voice Kendra at D:\vocabswipe.github.io\data\audio\aka_sentence+Kendra+1d77634bdac7a99507f585160f329f83.mp3
2025-06-23 00:32:29,671 - INFO - Generated audio for '<speak>akin</speak>' with voice Joanna at D:\vocabswipe.github.io\data\audio\akin_word+Joanna+ac2e5ffdc1dc113160bae9dfe1e02475.mp3
2025-06-23 00:32:30,038 - INFO - Generated audio for '<speak>akin. Their ideas are akin.</speak>' with voice Joanna at D:\vocabswipe.github.io\data\audio\akin_sentence+Joanna+1e889cf2d783dc2467e283cc30f99232.mp3
2025-06-23 00:32:30,380 - INFO - Generated audio for '<speak>a la carte</speak>' with voice Stephen at D:\vocabswipe.github.io\data\audio\a_la_carte_word+Stephen+0a601c2970a16e5f87ca367d3dadf549.mp3
2025-06-23 00:32:30,782 - INFO - Generated audio for '<speak>a la carte. We ordered a la carte.</speak>' with voice Stephen at D:\vocabswipe.github.io\data\audio\a_la_carte_sentence+Stephen+013881777230b16af4afae8a109e5760.mp3
2025-06-23 00:32:31,105 - INFO - Generated audio for '<speak>alarm</speak>' with voice Joanna at D:\vocabswipe.github.io\data\audio\alarm_word+Joanna+6486b4e98228b83d4b13d54febe5f170.mp3
2025-06-23 00:32:31,470 - INFO - Generated audio for '<speak>alarm. The alarm woke her up.</speak>' with voice Joanna at D:\vocabswipe.github.io\data\audio\alarm_sentence+Joanna+d5e87a2f4f28bf90cb937e17959dce18.mp3
2025-06-23 00:32:31,821 - INFO - Generated audio for '<speak>alarm clock</speak>' with voice Stephen at D:\vocabswipe.github.io\data\audio\alarm_clock_word+Stephen+84237414768c8a8df7444f577769f582.mp3
2025-06-23 00:32:32,494 - INFO - Generated audio for '<speak>alarm clock. The alarm clock rang at 6 a.m.</speak>' with voice Stephen at D:\vocabswipe.github.io\data\audio\alarm_clock_sentence+Stephen+3619899bfef3e26f214f1ebc54f3d0f0.mp3
2025-06-23 00:32:32,855 - INFO - Generated audio for '<speak>alarmed</speak>' with voice Joanna at D:\vocabswipe.github.io\data\audio\alarmed_word+Joanna+945a8edaa81e4fd08330369d98e91578.mp3
2025-06-23 00:32:33,212 - INFO - Generated audio for '<speak>alarmed. She looked alarmed.</speak>' with voice Joanna at D:\vocabswipe.github.io\data\audio\alarmed_sentence+Joanna+669d6e39f60ce63d3b0c9bf4d6a81b59.mp3
2025-06-23 00:32:33,540 - INFO - Generated audio for '<speak>alarmist</speak>' with voice Joanna at D:\vocabswipe.github.io\data\audio\alarmist_word+Joanna+ab063aabc7b9f218b985e64d0cb78dfa.mp3
2025-06-23 00:32:33,912 - INFO - Generated audio for '<speak>alarmist. He’s an alarmist about climate change.</speak>' with voice Joanna at D:\vocabswipe.github.io\data\audio\alarmist_sentence+Joanna+8a465cee5622d7064ead2c8da04f6e80.mp3
2025-06-23 00:32:34,258 - INFO - Generated audio for '<speak>alas</speak>' with voice Matthew at D:\vocabswipe.github.io\data\audio\alas_word+Matthew+30fe61944e1cdd4b81145d87ae2de708.mp3
2025-06-23 00:32:34,600 - INFO - Generated audio for '<speak>alas. Alas, we lost the game.</speak>' with voice Matthew at D:\vocabswipe.github.io\data\audio\alas_sentence+Matthew+c88f64b0a2c3d5878570bd0c6e0cded9.mp3
2025-06-23 00:32:34,982 - INFO - Generated audio for '<speak>Albanian</speak>' with voice Joey at D:\vocabswipe.github.io\data\audio\albanian_word+Joey+a716b6a3e8cf5994165d64d712db61d8.mp3
2025-06-23 00:32:35,362 - INFO - Generated audio for '<speak>Albanian. She is Albanian.</speak>' with voice Joey at D:\vocabswipe.github.io\data\audio\albanian_sentence+Joey+db62ac78cf4a0c297fac055b45adf39f.mp3
2025-06-23 00:32:35,704 - INFO - Generated audio for '<speak>albatross</speak>' with voice Kendra at D:\vocabswipe.github.io\data\audio\albatross_word+Kendra+352ad5a293c7a1c38be28965ae5a1645.mp3
2025-06-23 00:32:36,115 - INFO - Generated audio for '<speak>albatross. The albatross soared over the ocean.</speak>' with voice Kendra at D:\vocabswipe.github.io\data\audio\albatross_sentence+Kendra+7872f5058cd22b89ae18c38a23f6fa2d.mp3
2025-06-23 00:32:36,456 - INFO - Generated audio for '<speak>albeit</speak>' with voice Kendra at D:\vocabswipe.github.io\data\audio\albeit_word+Kendra+6cba26e8a7756eda39f553bd457c2785.mp3
2025-06-23 00:32:36,867 - INFO - Generated audio for '<speak>albeit. He tried, albeit unsuccessfully.</speak>' with voice Kendra at D:\vocabswipe.github.io\data\audio\albeit_sentence+Kendra+dfdfe8b66fc0cd119f69ead454b60ae2.mp3
2025-06-23 00:32:37,533 - INFO - Generated audio for '<speak>albino</speak>' with voice Matthew at D:\vocabswipe.github.io\data\audio\albino_word+Matthew+cbe7855c7afdb4a521ee4d1a63d89e89.mp3
2025-06-23 00:32:37,882 - INFO - Generated audio for '<speak>albino. The albino rabbit was rare.</speak>' with voice Matthew at D:\vocabswipe.github.io\data\audio\albino_sentence+Matthew+db57bd4ca5f983f13d85e4c303102191.mp3
2025-06-23 00:32:38,219 - INFO - Generated audio for '<speak>albumen</speak>' with voice Kendra at D:\vocabswipe.github.io\data\audio\albumen_word+Kendra+355108f7a639874ec4739b7ffb1f512e.mp3
2025-06-23 00:32:38,836 - INFO - Generated audio for '<speak>albumen. Albumen is used in cooking.</speak>' with voice Kendra at D:\vocabswipe.github.io\data\audio\albumen_sentence+Kendra+8049e7c0fb99f9abaf5975cf4dead6f7.mp3
2025-06-23 00:32:39,176 - INFO - Generated audio for '<speak>albumin</speak>' with voice Stephen at D:\vocabswipe.github.io\data\audio\albumin_word+Stephen+dff6986f8f78e2906f19dc1071987493.mp3
2025-06-23 00:32:39,561 - INFO - Generated audio for '<speak>albumin. Albumin is a protein.</speak>' with voice Stephen at D:\vocabswipe.github.io\data\audio\albumin_sentence+Stephen+cbcf9a87fb3dae3f5033f41a73df4d26.mp3
2025-06-23 00:32:39,899 - INFO - Generated audio for '<speak>alchemist</speak>' with voice Joanna at D:\vocabswipe.github.io\data\audio\alchemist_word+Joanna+132b133aafe31bcfae1d48e8c2ebbfbf.mp3
2025-06-23 00:32:40,281 - INFO - Generated audio for '<speak>alchemist. The alchemist sought gold.</speak>' with voice Joanna at D:\vocabswipe.github.io\data\audio\alchemist_sentence+Joanna+9c9a87772d605b159bea6d0c5a0719eb.mp3
2025-06-23 00:32:40,614 - INFO - Generated audio for '<speak>alchemy</speak>' with voice Kendra at D:\vocabswipe.github.io\data\audio\alchemy_word+Kendra+a6c674204c36eef8643c642e08de8635.mp3
2025-06-23 00:32:41,009 - INFO - Generated audio for '<speak>alchemy. Alchemy was practiced long ago.</speak>' with voice Kendra at D:\vocabswipe.github.io\data\audio\alchemy_sentence+Kendra+46d2e00cfc95c77ce34fb7dcb72a57c2.mp3
2025-06-23 00:32:41,350 - INFO - Generated audio for '<speak>alcohol</speak>' with voice Kendra at D:\vocabswipe.github.io\data\audio\alcohol_word+Kendra+babf88f32d20f9e229a64f85adf79677.mp3
2025-06-23 00:32:41,740 - INFO - Generated audio for '<speak>alcohol. He doesn’t drink alcohol.</speak>' with voice Kendra at D:\vocabswipe.github.io\data\audio\alcohol_sentence+Kendra+1c65532821685016705afd6e02e64055.mp3
2025-06-23 00:32:42,086 - INFO - Generated audio for '<speak>alcoholic</speak>' with voice Kendra at D:\vocabswipe.github.io\data\audio\alcoholic_word+Kendra+49c50ba2129b7730c3a9150d15ecf8c8.mp3
2025-06-23 00:32:43,063 - INFO - Generated audio for '<speak>alcoholic. She avoided alcoholic drinks.</speak>' with voice Kendra at D:\vocabswipe.github.io\data\audio\alcoholic_sentence+Kendra+91d6ac96455018e01a0afea0abeac9c0.mp3
2025-06-23 00:32:43,401 - INFO - Generated audio for '<speak>alcoholism</speak>' with voice Matthew at D:\vocabswipe.github.io\data\audio\alcoholism_word+Matthew+200835bcb883fb722310617b07fd9a71.mp3
2025-06-23 00:32:43,978 - INFO - Generated audio for '<speak>alcoholism. He sought help for alcoholism.</speak>' with voice Matthew at D:\vocabswipe.github.io\data\audio\alcoholism_sentence+Matthew+76905b02b5685bfe4d03dc0a240ed05d.mp3
2025-06-23 00:32:44,295 - INFO - Generated audio for '<speak>alcopop</speak>' with voice Matthew at D:\vocabswipe.github.io\data\audio\alcopop_word+Matthew+459413994e9b6ad51e8bcef90b65269c.mp3
2025-06-23 00:32:44,642 - INFO - Generated audio for '<speak>alcopop. Teenagers drank alcopops.</speak>' with voice Matthew at D:\vocabswipe.github.io\data\audio\alcopop_sentence+Matthew+21a21ab7a342cd44b02cee0dc242814b.mp3
2025-06-23 00:32:44,997 - INFO - Generated audio for '<speak>alcove</speak>' with voice Stephen at D:\vocabswipe.github.io\data\audio\alcove_word+Stephen+6f49eb2813cd4f3c46407ab90c258251.mp3
2025-06-23 00:32:45,373 - INFO - Generated audio for '<speak>alcove. The bed was in an alcove.</speak>' with voice Stephen at D:\vocabswipe.github.io\data\audio\alcove_sentence+Stephen+23d323b217e5b22caa0c2a29d889ff3e.mp3
2025-06-23 00:32:45,729 - INFO - Generated audio for '<speak>alderman</speak>' with voice Joey at D:\vocabswipe.github.io\data\audio\alderman_word+Joey+f27147cf6d5d782c71fd333bd33eb4e3.mp3
2025-06-23 00:32:46,119 - INFO - Generated audio for '<speak>alderman. The alderman attended the meeting.</speak>' with voice Joey at D:\vocabswipe.github.io\data\audio\alderman_sentence+Joey+6e78892a66b6a8149141aee9bc6bd3f9.mp3
2025-06-23 00:32:47,405 - INFO - Generated audio for '<speak>alderwoman</speak>' with voice Joey at D:\vocabswipe.github.io\data\audio\alderwoman_word+Joey+a0bf306b064151a665ddc336787a4090.mp3
2025-06-23 00:32:48,058 - INFO - Generated audio for '<speak>alderwoman. The alderwoman proposed a law.</speak>' with voice Joey at D:\vocabswipe.github.io\data\audio\alderwoman_sentence+Joey+d8b9d5ba4df4166be61cd4c664ba54db.mp3
2025-06-23 00:32:48,396 - INFO - Generated audio for '<speak>alert</speak>' with voice Kendra at D:\vocabswipe.github.io\data\audio\alert_word+Kendra+7ed21143076d0cca420653d4345baa2f.mp3
2025-06-23 00:32:48,778 - INFO - Generated audio for '<speak>alert. The guard stayed alert.</speak>' with voice Kendra at D:\vocabswipe.github.io\data\audio\alert_sentence+Kendra+0b12a1a67f2cdf565016cb93d0a298bb.mp3
2025-06-23 00:32:49,092 - INFO - Generated audio for '<speak>alertness</speak>' with voice Matthew at D:\vocabswipe.github.io\data\audio\alertness_word+Matthew+b1bfdef67652915cea5f7079ea74f029.mp3
2025-06-23 00:32:49,442 - INFO - Generated audio for '<speak>alertness. Her alertness saved them.</speak>' with voice Matthew at D:\vocabswipe.github.io\data\audio\alertness_sentence+Matthew+ff8e63cdcf57836c2ffc5155c080a83e.mp3
2025-06-23 00:32:49,850 - INFO - Generated audio for '<speak>alfalfa</speak>' with voice Matthew at D:\vocabswipe.github.io\data\audio\alfalfa_word+Matthew+99282e748905b82a6ad3d28ba65e220a.mp3
2025-06-23 00:32:50,204 - INFO - Generated audio for '<speak>alfalfa. Farmers grew alfalfa for cattle.</speak>' with voice Matthew at D:\vocabswipe.github.io\data\audio\alfalfa_sentence+Matthew+0cc82139c2df76f7d4e4af2eaa98b20a.mp3
2025-06-23 00:32:50,542 - INFO - Generated audio for '<speak>alfresco</speak>' with voice Stephen at D:\vocabswipe.github.io\data\audio\alfresco_word+Stephen+7d3303a4e8dcb9ed1e08f935a1f0a529.mp3
2025-06-23 00:32:50,923 - INFO - Generated audio for '<speak>alfresco. They dined alfresco.</speak>' with voice Stephen at D:\vocabswipe.github.io\data\audio\alfresco_sentence+Stephen+79a51caa0cd9582c6f3ec5f29892dfa9.mp3
2025-06-23 00:32:51,258 - INFO - Generated audio for '<speak>algae</speak>' with voice Joey at D:\vocabswipe.github.io\data\audio\algae_word+Joey+4360ef4885ef72b644fb783634a7f958.mp3
2025-06-23 00:32:51,634 - INFO - Generated audio for '<speak>algae. Algae grew in the pond.</speak>' with voice Joey at D:\vocabswipe.github.io\data\audio\algae_sentence+Joey+3025a3d200508ea2421cc17141379fba.mp3
2025-06-23 00:32:51,974 - INFO - Generated audio for '<speak>algal</speak>' with voice Joanna at D:\vocabswipe.github.io\data\audio\algal_word+Joanna+b480baeb3bcad871a30cb3a2c73614ab.mp3
2025-06-23 00:32:52,365 - INFO - Generated audio for '<speak>algal. The water had an algal bloom.</speak>' with voice Joanna at D:\vocabswipe.github.io\data\audio\algal_sentence+Joanna+ffc46b065582d3ce2373c464429140e9.mp3
2025-06-23 00:32:52,689 - INFO - Generated audio for '<speak>algebra</speak>' with voice Joanna at D:\vocabswipe.github.io\data\audio\algebra_word+Joanna+384712ec65183407ac811fff2f4c4798.mp3
2025-06-23 00:32:53,099 - INFO - Generated audio for '<speak>algebra. She studied algebra in school.</speak>' with voice Joanna at D:\vocabswipe.github.io\data\audio\algebra_sentence+Joanna+0c543f5cda7fe029d9daf924db124065.mp3
2025-06-23 00:32:53,439 - INFO - Generated audio for '<speak>algebraic</speak>' with voice Joey at D:\vocabswipe.github.io\data\audio\algebraic_word+Joey+c7f6ad568392380a8f4b4cecbaccb64c.mp3
2025-06-23 00:32:53,852 - INFO - Generated audio for '<speak>algebraic. He solved an algebraic equation.</speak>' with voice Joey at D:\vocabswipe.github.io\data\audio\algebraic_sentence+Joey+1a010e3ab46b72fcf0df3733b38a765e.mp3
2025-06-23 00:32:54,224 - INFO - Generated audio for '<speak>Algerian</speak>' with voice Matthew at D:\vocabswipe.github.io\data\audio\algerian_word+Matthew+45c0842e3235c3575ebf65dec63f4d2e.mp3
2025-06-23 00:32:54,637 - INFO - Generated audio for '<speak>Algerian. The Algerian team won.</speak>' with voice Matthew at D:\vocabswipe.github.io\data\audio\algerian_sentence+Matthew+d464b7283dd99cb17eacf2b05a02bcec.mp3
2025-06-23 00:32:54,964 - INFO - Generated audio for '<speak>algorithm</speak>' with voice Joanna at D:\vocabswipe.github.io\data\audio\algorithm_word+Joanna+ed469618898d75b149e5c7c4b6a1c415.mp3
2025-06-23 00:32:55,331 - INFO - Generated audio for '<speak>algorithm. The app uses an algorithm.</speak>' with voice Joanna at D:\vocabswipe.github.io\data\audio\algorithm_sentence+Joanna+06dc1197ec393d26cd0cf6afcfd66afb.mp3
2025-06-23 00:32:55,670 - INFO - Generated audio for '<speak>alias</speak>' with voice Kendra at D:\vocabswipe.github.io\data\audio\alias_word+Kendra+724874d1be77f450a09b305fc1534afb.mp3
2025-06-23 00:32:56,173 - INFO - Generated audio for '<speak>alias. He used an alias online.</speak>' with voice Kendra at D:\vocabswipe.github.io\data\audio\alias_sentence+Kendra+f194e99f5cdfe4f68f5ec8c1bde53904.mp3
2025-06-23 00:32:56,515 - INFO - Generated audio for '<speak>alibi</speak>' with voice Kendra at D:\vocabswipe.github.io\data\audio\alibi_word+Kendra+9c4425ef1ba7aebb80922acb0f3aa463.mp3
2025-06-23 00:32:56,902 - INFO - Generated audio for '<speak>alibi. He had a strong alibi.</speak>' with voice Kendra at D:\vocabswipe.github.io\data\audio\alibi_sentence+Kendra+ca554b251683736cfc8ed3b9b4d652f4.mp3
2025-06-23 00:32:57,297 - INFO - Generated audio for '<speak>alienate</speak>' with voice Stephen at D:\vocabswipe.github.io\data\audio\alienate_word+Stephen+0e518234e8a1034b24fe0f2f437dfe20.mp3
2025-06-23 00:32:57,685 - INFO - Generated audio for '<speak>alienate. His behavior alienated friends.</speak>' with voice Stephen at D:\vocabswipe.github.io\data\audio\alienate_sentence+Stephen+7400067a52dc6b264a623473692bc210.mp3
2025-06-23 00:32:58,021 - INFO - Generated audio for '<speak>alight</speak>' with voice Stephen at D:\vocabswipe.github.io\data\audio\alight_word+Stephen+7ffa0803febfd54c55b79fcf9f25031b.mp3
2025-06-23 00:32:58,413 - INFO - Generated audio for '<speak>alight. Passengers alighted from the bus.</speak>' with voice Stephen at D:\vocabswipe.github.io\data\audio\alight_sentence+Stephen+56c4f267c34eff6645ecb5f3f119b208.mp3
2025-06-23 00:32:58,732 - INFO - Generated audio for '<speak>align</speak>' with voice Joanna at D:\vocabswipe.github.io\data\audio\align_word+Joanna+f792d1afb0399dce47533bead9d71a8a.mp3
2025-06-23 00:32:59,106 - INFO - Generated audio for '<speak>align. Align the text to the left.</speak>' with voice Joanna at D:\vocabswipe.github.io\data\audio\align_sentence+Joanna+07423cc2d9d5c42e88d8964deed966fd.mp3
2025-06-23 00:32:59,435 - INFO - Generated audio for '<speak>alignment</speak>' with voice Stephen at D:\vocabswipe.github.io\data\audio\alignment_word+Stephen+5a159214b169da90d96590d47fff379e.mp3
2025-06-23 00:32:59,834 - INFO - Generated audio for '<speak>alignment. The alignment was perfect.</speak>' with voice Stephen at D:\vocabswipe.github.io\data\audio\alignment_sentence+Stephen+2b0e0a0cbcde3debde14582d25d2058c.mp3
2025-06-23 00:33:00,281 - INFO - Generated audio for '<speak>alike</speak>' with voice Stephen at D:\vocabswipe.github.io\data\audio\alike_word+Stephen+48bb082d4244476f2ef109e51f8f7554.mp3
2025-06-23 00:33:00,690 - INFO - Generated audio for '<speak>alike. The twins look alike.</speak>' with voice Stephen at D:\vocabswipe.github.io\data\audio\alike_sentence+Stephen+12805c4aeaa3bdec82cf6d7e1e9c3ca7.mp3
2025-06-23 00:33:01,004 - INFO - Generated audio for '<speak>alimony</speak>' with voice Matthew at D:\vocabswipe.github.io\data\audio\alimony_word+Matthew+fa6a00b065ee4c871dcc64fcff7ca8cf.mp3
2025-06-23 00:33:01,395 - INFO - Generated audio for '<speak>alimony. He paid alimony monthly.</speak>' with voice Matthew at D:\vocabswipe.github.io\data\audio\alimony_sentence+Matthew+6be424f03755b3868a521edaaf88f693.mp3
2025-06-23 00:33:01,716 - INFO - Generated audio for '<speak>a-list</speak>' with voice Joanna at D:\vocabswipe.github.io\data\audio\a-list_word+Joanna+2b2dcd3380f13829dd0cb95c556d740b.mp3
2025-06-23 00:33:02,072 - INFO - Generated audio for '<speak>a-list. She’s on the A-list.</speak>' with voice Joanna at D:\vocabswipe.github.io\data\audio\a-list_sentence+Joanna+2f33d4e18f885777891481b3661b2168.mp3
2025-06-23 00:33:02,420 - INFO - Generated audio for '<speak>alive</speak>' with voice Matthew at D:\vocabswipe.github.io\data\audio\alive_word+Matthew+7bd3d5f5b3cdb13aed632121206e729c.mp3
2025-06-23 00:33:02,766 - INFO - Generated audio for '<speak>alive. The plant is still alive.</speak>' with voice Matthew at D:\vocabswipe.github.io\data\audio\alive_sentence+Matthew+c04b46330a7a64e2b5a68064449f111d.mp3
2025-06-23 00:33:03,124 - INFO - Generated audio for '<speak>alkali</speak>' with voice Kendra at D:\vocabswipe.github.io\data\audio\alkali_word+Kendra+f7f41ad5328d528a751c55fa2fcf7273.mp3
2025-06-23 00:33:03,542 - INFO - Generated audio for '<speak>alkali. Alkali neutralizes acid.</speak>' with voice Kendra at D:\vocabswipe.github.io\data\audio\alkali_sentence+Kendra+b01c86b35e784adadd5da99ff75afdcc.mp3
2025-06-23 00:33:03,866 - INFO - Generated audio for '<speak>alkaline</speak>' with voice Matthew at D:\vocabswipe.github.io\data\audio\alkaline_word+Matthew+0d290155f2106c14555647c03395900d.mp3
2025-06-23 00:33:04,266 - INFO - Generated audio for '<speak>alkaline. The soil was alkaline.</speak>' with voice Matthew at D:\vocabswipe.github.io\data\audio\alkaline_sentence+Matthew+991cf65498932b85f09e2413e25bb5dd.mp3
2025-06-23 00:33:04,597 - INFO - Generated audio for '<speak>all</speak>' with voice Kendra at D:\vocabswipe.github.io\data\audio\all_word+Kendra+a181a603769c1f98ad927e7367c7aa51.mp3
2025-06-23 00:33:04,978 - INFO - Generated audio for '<speak>all. All students passed.</speak>' with voice Kendra at D:\vocabswipe.github.io\data\audio\all_sentence+Kendra+1f347939426152b5552482fcd5e007b7.mp3
2025-06-23 00:33:05,286 - INFO - Generated audio for '<speak>Allah</speak>' with voice Matthew at D:\vocabswipe.github.io\data\audio\allah_word+Matthew+11222a0756cc9ff760155f9f28b61e0a.mp3
2025-06-23 00:33:05,621 - INFO - Generated audio for '<speak>Allah. Muslims worship Allah.</speak>' with voice Matthew at D:\vocabswipe.github.io\data\audio\allah_sentence+Matthew+1addce40a7eb2d07add33d271ac00379.mp3
2025-06-23 00:33:06,001 - INFO - Generated audio for '<speak>all-American</speak>' with voice Kendra at D:\vocabswipe.github.io\data\audio\all-american_word+Kendra+a5df8592dc98b15fb62a4d707655e7c2.mp3
2025-06-23 00:33:06,398 - INFO - Generated audio for '<speak>all-American. He’s an all-American athlete.</speak>' with voice Kendra at D:\vocabswipe.github.io\data\audio\all-american_sentence+Kendra+0f6b149105192887f713f0b26aec1b2a.mp3
2025-06-23 00:33:06,725 - INFO - Generated audio for '<speak>all-around</speak>' with voice Joanna at D:\vocabswipe.github.io\data\audio\all-around_word+Joanna+0a38e544e6d4c0a45a93d877bc503254.mp3
2025-06-23 00:33:07,084 - INFO - Generated audio for '<speak>all-around. She’s an all-around performer.</speak>' with voice Joanna at D:\vocabswipe.github.io\data\audio\all-around_sentence+Joanna+1be0aa6c5f6eea9ae228eee3d477708e.mp3
2025-06-23 00:33:07,463 - INFO - Generated audio for '<speak>allay</speak>' with voice Kendra at D:\vocabswipe.github.io\data\audio\allay_word+Kendra+3354e229b0b9db2e6285854b3a96ff6b.mp3
2025-06-23 00:33:07,848 - INFO - Generated audio for '<speak>allay. He allayed her fears.</speak>' with voice Kendra at D:\vocabswipe.github.io\data\audio\allay_sentence+Kendra+5a02a53ba5f3c0dd5cb067683e0b527a.mp3
2025-06-23 00:33:08,189 - INFO - Generated audio for '<speak>all clear</speak>' with voice Joanna at D:\vocabswipe.github.io\data\audio\all_clear_word+Joanna+58339831864eac2f2cf06fb7cea7c744.mp3
2025-06-23 00:33:08,558 - INFO - Generated audio for '<speak>all clear. The siren gave the all clear.</speak>' with voice Joanna at D:\vocabswipe.github.io\data\audio\all_clear_sentence+Joanna+9c00512c925d110855b7ad6090cc3cdb.mp3
2025-06-23 00:33:08,894 - INFO - Generated audio for '<speak>allegation</speak>' with voice Joey at D:\vocabswipe.github.io\data\audio\allegation_word+Joey+ad36fdd2f5bc95249074de822d73de38.mp3
2025-06-23 00:33:09,282 - INFO - Generated audio for '<speak>allegation. The allegation was false.</speak>' with voice Joey at D:\vocabswipe.github.io\data\audio\allegation_sentence+Joey+92049c08dd8c35ccd1424df3ee6db72a.mp3
2025-06-23 00:33:09,658 - INFO - Generated audio for '<speak>allege</speak>' with voice Joanna at D:\vocabswipe.github.io\data\audio\allege_word+Joanna+4f37c29e88e9ad8f747b5ffae2824fb2.mp3
2025-06-23 00:33:10,027 - INFO - Generated audio for '<speak>allege. They allege he stole.</speak>' with voice Joanna at D:\vocabswipe.github.io\data\audio\allege_sentence+Joanna+8d94874eb35a531c087f25dfd0150330.mp3
2025-06-23 00:33:10,713 - INFO - Generated audio for '<speak>alleged</speak>' with voice Kendra at D:\vocabswipe.github.io\data\audio\alleged_word+Kendra+e12ee38673be3a1e8c222688389dd353.mp3
2025-06-23 00:33:11,109 - INFO - Generated audio for '<speak>alleged. The alleged thief escaped.</speak>' with voice Kendra at D:\vocabswipe.github.io\data\audio\alleged_sentence+Kendra+d6f227cff6f8909c342563b99bb67d0d.mp3
2025-06-23 00:33:11,619 - INFO - Generated audio for '<speak>allegiance</speak>' with voice Kendra at D:\vocabswipe.github.io\data\audio\allegiance_word+Kendra+db160b6710475646be9feeca9da0d657.mp3
2025-06-23 00:33:12,007 - INFO - Generated audio for '<speak>allegiance. He pledged allegiance.</speak>' with voice Kendra at D:\vocabswipe.github.io\data\audio\allegiance_sentence+Kendra+fa32cad75c4732a52e1321435e630aed.mp3
2025-06-23 00:33:12,353 - INFO - Generated audio for '<speak>allegorical</speak>' with voice Stephen at D:\vocabswipe.github.io\data\audio\allegorical_word+Stephen+c5e46d0d7953f22205836f7e43f6abb8.mp3
2025-06-23 00:33:12,738 - INFO - Generated audio for '<speak>allegorical. The story is allegorical.</speak>' with voice Stephen at D:\vocabswipe.github.io\data\audio\allegorical_sentence+Stephen+8615eccb9bb1bdc7232f39b39e69d94c.mp3
2025-06-23 00:33:13,087 - INFO - Generated audio for '<speak>allegory</speak>' with voice Stephen at D:\vocabswipe.github.io\data\audio\allegory_word+Stephen+83f106e9c3d4af6b9986e8a44b5fd223.mp3
2025-06-23 00:33:13,484 - INFO - Generated audio for '<speak>allegory. The book is an allegory.</speak>' with voice Stephen at D:\vocabswipe.github.io\data\audio\allegory_sentence+Stephen+7297428c5886264a1f7673e2464f09cb.mp3
2025-06-23 00:33:13,809 - INFO - Generated audio for '<speak>allegro</speak>' with voice Matthew at D:\vocabswipe.github.io\data\audio\allegro_word+Matthew+cf5f65126b4f2ab7b74b79b8f3f4398c.mp3
2025-06-23 00:33:14,198 - INFO - Generated audio for '<speak>allegro. Play the piece allegro.</speak>' with voice Matthew at D:\vocabswipe.github.io\data\audio\allegro_sentence+Matthew+037902b2b5c83ba51a48aa2faccb3b42.mp3
2025-06-23 00:33:14,524 - INFO - Generated audio for '<speak>all-embracing</speak>' with voice Stephen at D:\vocabswipe.github.io\data\audio\all-embracing_word+Stephen+5f6e73868dfac083b14ad54dda2378d9.mp3
2025-06-23 00:33:14,923 - INFO - Generated audio for '<speak>all-embracing. The plan is all-embracing.</speak>' with voice Stephen at D:\vocabswipe.github.io\data\audio\all-embracing_sentence+Stephen+da49478fb1c977ee7db318a65c02673e.mp3
2025-06-23 00:33:15,329 - INFO - Generated audio for '<speak>allergen</speak>' with voice Joey at D:\vocabswipe.github.io\data\audio\allergen_word+Joey+949dc52f7621c3046eafa12c17239702.mp3
2025-06-23 00:33:15,710 - INFO - Generated audio for '<speak>allergen. Pollen is an allergen.</speak>' with voice Joey at D:\vocabswipe.github.io\data\audio\allergen_sentence+Joey+a83ea5b98beb5ea045b5214197814b49.mp3
2025-06-23 00:33:16,656 - INFO - Generated audio for '<speak>allergic</speak>' with voice Kendra at D:\vocabswipe.github.io\data\audio\allergic_word+Kendra+9afa87089f6f62bff95bbc6f1825f80d.mp3
2025-06-23 00:33:17,880 - INFO - Generated audio for '<speak>allergic. She’s allergic to cats.</speak>' with voice Kendra at D:\vocabswipe.github.io\data\audio\allergic_sentence+Kendra+7c9285ea4eef68289c98da089fbb8a6a.mp3
2025-06-23 00:33:18,221 - INFO - Generated audio for '<speak>allergist</speak>' with voice Kendra at D:\vocabswipe.github.io\data\audio\allergist_word+Kendra+6f7d77e7c28ff2fe7b29c63c7c903fae.mp3
2025-06-23 00:33:18,904 - INFO - Generated audio for '<speak>allergist. The allergist tested her.</speak>' with voice Kendra at D:\vocabswipe.github.io\data\audio\allergist_sentence+Kendra+8bfe3a8f9cc841bb44bb06e2d9a3364b.mp3
2025-06-23 00:33:19,245 - INFO - Generated audio for '<speak>alleviate</speak>' with voice Kendra at D:\vocabswipe.github.io\data\audio\alleviate_word+Kendra+2c0f79c24b777b5002cbb1d5f9e244c7.mp3
2025-06-23 00:33:19,877 - INFO - Generated audio for '<speak>alleviate. Medicine alleviated his pain.</speak>' with voice Kendra at D:\vocabswipe.github.io\data\audio\alleviate_sentence+Kendra+d817ffda84009854f975d7bc0865d2c9.mp3
2025-06-23 00:33:20,203 - INFO - Generated audio for '<speak>alley</speak>' with voice Joanna at D:\vocabswipe.github.io\data\audio\alley_word+Joanna+686a23c44fc9a652c7eb6c04e6d749da.mp3
2025-06-23 00:33:20,848 - INFO - Generated audio for '<speak>alley. The cat ran down the alley.</speak>' with voice Joanna at D:\vocabswipe.github.io\data\audio\alley_sentence+Joanna+8a5dca628e221a6cac8b103a39323288.mp3
2025-06-23 00:33:21,170 - INFO - Generated audio for '<speak>alleyway</speak>' with voice Joanna at D:\vocabswipe.github.io\data\audio\alleyway_word+Joanna+99fb938fd8d81292b35148e1071ab7b3.mp3
2025-06-23 00:33:21,875 - INFO - Generated audio for '<speak>alleyway. The alleyway was narrow.</speak>' with voice Joanna at D:\vocabswipe.github.io\data\audio\alleyway_sentence+Joanna+4b9b4639958259701a5a9776bc81e779.mp3
2025-06-23 00:33:22,217 - INFO - Generated audio for '<speak>allied</speak>' with voice Stephen at D:\vocabswipe.github.io\data\audio\allied_word+Stephen+c60132c6236e92b782d73f6cb1f2efda.mp3
2025-06-23 00:33:22,871 - INFO - Generated audio for '<speak>allied. Allied forces worked together.</speak>' with voice Stephen at D:\vocabswipe.github.io\data\audio\allied_sentence+Stephen+e8dbde30afa3487c4f3adf262ba0a265.mp3
2025-06-23 00:33:23,200 - INFO - Generated audio for '<speak>alligator</speak>' with voice Joanna at D:\vocabswipe.github.io\data\audio\alligator_word+Joanna+88a93408a0dfb56cff34d324e40933ce.mp3
2025-06-23 00:33:23,922 - INFO - Generated audio for '<speak>alligator. An alligator swam in the swamp.</speak>' with voice Joanna at D:\vocabswipe.github.io\data\audio\alligator_sentence+Joanna+3c3b55cd035fe4090a11665167efb403.mp3
2025-06-23 00:33:24,266 - INFO - Generated audio for '<speak>all-in-one</speak>' with voice Stephen at D:\vocabswipe.github.io\data\audio\all-in-one_word+Stephen+65990263c67b8daf359804c3de327ac8.mp3
2025-06-23 00:33:24,869 - INFO - Generated audio for '<speak>all-in-one. It’s an all-in-one printer.</speak>' with voice Stephen at D:\vocabswipe.github.io\data\audio\all-in-one_sentence+Stephen+a0b31dc7a037aa94a4c12ce2149f4023.mp3
2025-06-23 00:33:25,218 - INFO - Generated audio for '<speak>alliteration</speak>' with voice Joey at D:\vocabswipe.github.io\data\audio\alliteration_word+Joey+6273e062555e65ea850137e743f73fe9.mp3
2025-06-23 00:33:25,822 - INFO - Generated audio for '<speak>alliteration. Alliteration makes poems catchy.</speak>' with voice Joey at D:\vocabswipe.github.io\data\audio\alliteration_sentence+Joey+f5a2c43b116ab3f7dc2d2ced74a68d15.mp3
2025-06-23 00:33:26,174 - INFO - Generated audio for '<speak>alliterative</speak>' with voice Joanna at D:\vocabswipe.github.io\data\audio\alliterative_word+Joanna+60f594a6d1863e81f23d8f910262af56.mp3
2025-06-23 00:33:26,538 - INFO - Generated audio for '<speak>alliterative. The phrase is alliterative.</speak>' with voice Joanna at D:\vocabswipe.github.io\data\audio\alliterative_sentence+Joanna+700d52cf65eb0a775cff658d1c041bf7.mp3
2025-06-23 00:33:26,868 - INFO - Generated audio for '<speak>allocate</speak>' with voice Matthew at D:\vocabswipe.github.io\data\audio\allocate_word+Matthew+bc4f94b1e72eb1d45c0fd8ca866b7f1a.mp3
2025-06-23 00:33:27,214 - INFO - Generated audio for '<speak>allocate. They allocated funds for schools.</speak>' with voice Matthew at D:\vocabswipe.github.io\data\audio\allocate_sentence+Matthew+164d16caa98aa3924c7e0a18f18b2b26.mp3
2025-06-23 00:33:27,608 - INFO - Generated audio for '<speak>allocation</speak>' with voice Joanna at D:\vocabswipe.github.io\data\audio\allocation_word+Joanna+950f407814b8478d3082a186bf0eec9b.mp3
2025-06-23 00:33:27,983 - INFO - Generated audio for '<speak>allocation. The allocation was fair.</speak>' with voice Joanna at D:\vocabswipe.github.io\data\audio\allocation_sentence+Joanna+aa6ed6682ec5a73dc88fb4c628cadf38.mp3
2025-06-23 00:33:29,366 - INFO - Generated audio for '<speak>allot</speak>' with voice Matthew at D:\vocabswipe.github.io\data\audio\allot_word+Matthew+d122994b9bf5ad05fbcdd12af33a411a.mp3
2025-06-23 00:33:29,762 - INFO - Generated audio for '<speak>allot. They allotted tasks to everyone.</speak>' with voice Matthew at D:\vocabswipe.github.io\data\audio\allot_sentence+Matthew+d78230fe5879357a11790f0a7d7f3df8.mp3
2025-06-23 00:33:30,098 - INFO - Generated audio for '<speak>allotment</speak>' with voice Kendra at D:\vocabswipe.github.io\data\audio\allotment_word+Kendra+88e7216e57ce5976598e28cec972d9fe.mp3
2025-06-23 00:33:30,494 - INFO - Generated audio for '<speak>allotment. Each got an allotment of food.</speak>' with voice Kendra at D:\vocabswipe.github.io\data\audio\allotment_sentence+Kendra+002df55453f480784eabb31f9a5d5acd.mp3
2025-06-23 00:33:30,863 - INFO - Generated audio for '<speak>all-out</speak>' with voice Matthew at D:\vocabswipe.github.io\data\audio\all-out_word+Matthew+7fccbcfb2a6d33f69b0d54fb690f2877.mp3
2025-06-23 00:33:31,214 - INFO - Generated audio for '<speak>all-out. They launched an all-out attack.</speak>' with voice Matthew at D:\vocabswipe.github.io\data\audio\all-out_sentence+Matthew+793a802bd58f0831aa6234036304b234.mp3
2025-06-23 00:33:31,556 - INFO - Generated audio for '<speak>all-over</speak>' with voice Stephen at D:\vocabswipe.github.io\data\audio\all-over_word+Stephen+1756ccecdfbc55b5421e15169c1b887f.mp3
2025-06-23 00:33:31,947 - INFO - Generated audio for '<speak>all-over. The pattern was all-over.</speak>' with voice Stephen at D:\vocabswipe.github.io\data\audio\all-over_sentence+Stephen+e9132b59411f134e8cf9fd7008451f2a.mp3
2025-06-23 00:33:32,319 - INFO - Generated audio for '<speak>allow</speak>' with voice Joey at D:\vocabswipe.github.io\data\audio\allow_word+Joey+b394126a0e52e75f1e3d535d0fb0d33c.mp3
2025-06-23 00:33:32,706 - INFO - Generated audio for '<speak>allow. They allow pets.</speak>' with voice Joey at D:\vocabswipe.github.io\data\audio\allow_sentence+Joey+764822d9ce792641250d43b3123927d2.mp3
2025-06-23 00:33:33,036 - INFO - Generated audio for '<speak>allow for</speak>' with voice Joanna at D:\vocabswipe.github.io\data\audio\allow_for_word+Joanna+f3198d23b4098dfaf714706a27f0d875.mp3
2025-06-23 00:33:33,446 - INFO - Generated audio for '<speak>allow for. We allowed for delays.</speak>' with voice Joanna at D:\vocabswipe.github.io\data\audio\allow_for_sentence+Joanna+e73c345e7c86572a269d8dfeef0f2cfd.mp3
2025-06-23 00:33:33,792 - INFO - Generated audio for '<speak>allowable</speak>' with voice Kendra at D:\vocabswipe.github.io\data\audio\allowable_word+Kendra+398332bcf1c9afeb388a92ed464df12a.mp3
2025-06-23 00:33:34,187 - INFO - Generated audio for '<speak>allowable. She’s amenable to suggestions.</speak>' with voice Kendra at D:\vocabswipe.github.io\data\audio\allowable_sentence+Kendra+87c318ef23203c903ab612f1f61c9895.mp3
2025-06-23 00:33:34,572 - INFO - Generated audio for '<speak>allowance</speak>' with voice Matthew at D:\vocabswipe.github.io\data\audio\allowance_word+Matthew+6508daf87f38ab1c1686989f9051215e.mp3
2025-06-23 00:33:34,928 - INFO - Generated audio for '<speak>allowance. He gets a monthly allowance.</speak>' with voice Matthew at D:\vocabswipe.github.io\data\audio\allowance_sentence+Matthew+aecdda384d07ca9ab52ffeabe4ecedc3.mp3
2025-06-23 00:33:35,288 - INFO - Generated audio for '<speak>all-points bulletin</speak>' with voice Stephen at D:\vocabswipe.github.io\data\audio\all-points_bulletin_word+Stephen+01bddddb8504e645e5dcd515470488b8.mp3
2025-06-23 00:33:35,692 - INFO - Generated audio for '<speak>all-points bulletin. Police issued an all-points bulletin.</speak>' with voice Stephen at D:\vocabswipe.github.io\data\audio\all-points_bulletin_sentence+Stephen+2a406e85557e0c405dc93a4fc7bc7b37.mp3
2025-06-23 00:33:36,011 - INFO - Generated audio for '<speak>all-powerful</speak>' with voice Matthew at D:\vocabswipe.github.io\data\audio\all-powerful_word+Matthew+8b4f200e527dcdb031b7487ef7f2c84c.mp3
2025-06-23 00:33:36,360 - INFO - Generated audio for '<speak>all-powerful. The king was all-powerful.</speak>' with voice Matthew at D:\vocabswipe.github.io\data\audio\all-powerful_sentence+Matthew+622581a9df7c72d937f5f316a82332cd.mp3
2025-06-23 00:33:36,729 - INFO - Generated audio for '<speak>all-purpose</speak>' with voice Stephen at D:\vocabswipe.github.io\data\audio\all-purpose_word+Stephen+47120d468092b0454a5339358bb8718c.mp3
2025-06-23 00:33:37,141 - INFO - Generated audio for '<speak>all-purpose. It’s an all-purpose cleaner.</speak>' with voice Stephen at D:\vocabswipe.github.io\data\audio\all-purpose_sentence+Stephen+a6b69e21259e913a39662a9bb3b3b9f1.mp3
2025-06-23 00:33:37,544 - INFO - Generated audio for '<speak>all right</speak>' with voice Stephen at D:\vocabswipe.github.io\data\audio\all_right_word+Stephen+67787c5a3a7b3a7cea96d77aa1f6d338.mp3
2025-06-23 00:33:37,931 - INFO - Generated audio for '<speak>all right. Everything is all right.</speak>' with voice Stephen at D:\vocabswipe.github.io\data\audio\all_right_sentence+Stephen+c5af4c35dc265ea6620aedebc2138be2.mp3
2025-06-23 00:33:38,282 - INFO - Generated audio for '<speak>all-round</speak>' with voice Stephen at D:\vocabswipe.github.io\data\audio\all-round_word+Stephen+589a1ada0a9db9615ce98b864817b54d.mp3
2025-06-23 00:33:38,683 - INFO - Generated audio for '<speak>all-round. He’s an all-round student.</speak>' with voice Stephen at D:\vocabswipe.github.io\data\audio\all-round_sentence+Stephen+18f6c93ad33757f0da83aa088f4c4814.mp3
2025-06-23 00:33:39,009 - INFO - Generated audio for '<speak>all-star</speak>' with voice Matthew at D:\vocabswipe.github.io\data\audio\all-star_word+Matthew+373ddc425866c8aa1e2ed7183d2b3df1.mp3
2025-06-23 00:33:39,387 - INFO - Generated audio for '<speak>all-star. The all-star team competed.</speak>' with voice Matthew at D:\vocabswipe.github.io\data\audio\all-star_sentence+Matthew+9a0503be1f4e8d2144e35f7b41e61840.mp3
2025-06-23 00:33:39,728 - INFO - Generated audio for '<speak>all-time</speak>' with voice Kendra at D:\vocabswipe.github.io\data\audio\all-time_word+Kendra+05859813c4cc760b54413c65dd2f579f.mp3
2025-06-23 00:33:40,123 - INFO - Generated audio for '<speak>all-time. It’s an all-time record.</speak>' with voice Kendra at D:\vocabswipe.github.io\data\audio\all-time_sentence+Kendra+b141f99dfb5d03cc4df3a67142b46a6f.mp3
2025-06-23 00:33:40,449 - INFO - Generated audio for '<speak>allude</speak>' with voice Joanna at D:\vocabswipe.github.io\data\audio\allude_word+Joanna+b15b44f64c20fbdbc569d858b3b07a86.mp3
2025-06-23 00:33:40,827 - INFO - Generated audio for '<speak>allude. She alluded to the problem.</speak>' with voice Joanna at D:\vocabswipe.github.io\data\audio\allude_sentence+Joanna+9ab960e6a0dda18152d96b4059a81644.mp3
2025-06-23 00:33:41,169 - INFO - Generated audio for '<speak>Alluring</speak>' with voice Stephen at D:\vocabswipe.github.io\data\audio\alluring_word+Stephen+e06fc4bbab3f8f3c8493432470ea73c6.mp3
2025-06-23 00:33:41,538 - INFO - Generated audio for '<speak>Alluring. Her smile was alluring.</speak>' with voice Stephen at D:\vocabswipe.github.io\data\audio\alluring_sentence+Stephen+f24a0d1b4bcf03afb516e32ea8d7ba14.mp3
2025-06-23 00:33:42,013 - INFO - Generated audio for '<speak>Allusion</speak>' with voice Stephen at D:\vocabswipe.github.io\data\audio\allusion_word+Stephen+67a5dc0cbd7e77e2f6a2ca517eeccf8d.mp3
2025-06-23 00:33:42,384 - INFO - Generated audio for '<speak>Allusion. His speech was full of allusions.</speak>' with voice Stephen at D:\vocabswipe.github.io\data\audio\allusion_sentence+Stephen+4b16a3500c5b623f304b9418e7934184.mp3
2025-06-23 00:33:42,766 - INFO - Generated audio for '<speak>Allusive</speak>' with voice Kendra at D:\vocabswipe.github.io\data\audio\allusive_word+Kendra+1a29ef6624db74717df3b33658c2b43c.mp3
2025-06-23 00:33:43,165 - INFO - Generated audio for '<speak>Allusive. His tone was allusive.</speak>' with voice Kendra at D:\vocabswipe.github.io\data\audio\allusive_sentence+Kendra+dcc45fa377fe3d332f7c66b04b950fdd.mp3
2025-06-23 00:33:43,528 - INFO - Generated audio for '<speak>Alluvial</speak>' with voice Kendra at D:\vocabswipe.github.io\data\audio\alluvial_word+Kendra+f3b65f675d13d81c12d3bb30b0190cd1.mp3
2025-06-23 00:33:43,931 - INFO - Generated audio for '<speak>Alluvial. The alluvial soil was fertile.</speak>' with voice Kendra at D:\vocabswipe.github.io\data\audio\alluvial_sentence+Kendra+de76cd2cb3ee1014bc6e7b69089bb4b8.mp3
2025-06-23 00:33:44,300 - INFO - Generated audio for '<speak>All-weather</speak>' with voice Joey at D:\vocabswipe.github.io\data\audio\all-weather_word+Joey+f4ae6bb2c004b792a60ad3cdc16453df.mp3
2025-06-23 00:33:44,688 - INFO - Generated audio for '<speak>All-weather. It’s an all-weather jacket.</speak>' with voice Joey at D:\vocabswipe.github.io\data\audio\all-weather_sentence+Joey+6081d85f6c14adbf26862c395239e6d7.mp3
2025-06-23 00:33:45,025 - INFO - Generated audio for '<speak>Ally</speak>' with voice Kendra at D:\vocabswipe.github.io\data\audio\ally_word+Kendra+0dd87782600574e2f791bcfe639d4fcc.mp3
2025-06-23 00:33:45,429 - INFO - Generated audio for '<speak>Ally. She’s my ally in the project.</speak>' with voice Kendra at D:\vocabswipe.github.io\data\audio\ally_sentence+Kendra+f65c4269b67b11c5b4fb73559615f7b5.mp3
2025-06-23 00:33:45,774 - INFO - Generated audio for '<speak>Alma mater</speak>' with voice Kendra at D:\vocabswipe.github.io\data\audio\alma_mater_word+Kendra+96bb4c6916739849fb1bb53d11ad7855.mp3
2025-06-23 00:33:46,167 - INFO - Generated audio for '<speak>Alma mater. He visited his alma mater.</speak>' with voice Kendra at D:\vocabswipe.github.io\data\audio\alma_mater_sentence+Kendra+de920a94b88cd7cffa90ba9b624ee8de.mp3
2025-06-23 00:33:46,556 - INFO - Generated audio for '<speak>Almanac</speak>' with voice Stephen at D:\vocabswipe.github.io\data\audio\almanac_word+Stephen+9cb55c76560ac06ac45332482bda45a7.mp3
2025-06-23 00:33:46,990 - INFO - Generated audio for '<speak>Almanac. The almanac predicted rain.</speak>' with voice Stephen at D:\vocabswipe.github.io\data\audio\almanac_sentence+Stephen+b622af243e2a10dddfc5125ed19c0ebc.mp3
2025-06-23 00:33:47,353 - INFO - Generated audio for '<speak>Almighty</speak>' with voice Joey at D:\vocabswipe.github.io\data\audio\almighty_word+Joey+28e0ff913ce278902b4ccb1ae9c0638c.mp3
2025-06-23 00:33:47,732 - INFO - Generated audio for '<speak>Almighty. They prayed to the Almighty.</speak>' with voice Joey at D:\vocabswipe.github.io\data\audio\almighty_sentence+Joey+5a7897f8619c4a62c0869cc08100ffae.mp3
2025-06-23 00:33:48,089 - INFO - Generated audio for '<speak>Almond</speak>' with voice Joanna at D:\vocabswipe.github.io\data\audio\almond_word+Joanna+24417c248047e6e9d24231e8107312a8.mp3
2025-06-23 00:33:48,508 - INFO - Generated audio for '<speak>Almond. She ate almonds as a snack.</speak>' with voice Joanna at D:\vocabswipe.github.io\data\audio\almond_sentence+Joanna+274282085de2b5f638320e0366c0af7e.mp3
2025-06-23 00:33:48,849 - INFO - Generated audio for '<speak>Almost</speak>' with voice Joanna at D:\vocabswipe.github.io\data\audio\almost_word+Joanna+301acc9847f5c6ea34402c17ff8cfec7.mp3
2025-06-23 00:33:49,252 - INFO - Generated audio for '<speak>Almost. We’re almost done.</speak>' with voice Joanna at D:\vocabswipe.github.io\data\audio\almost_sentence+Joanna+68168bef464a8f1a06d101a1af5aff23.mp3
2025-06-23 00:33:49,630 - INFO - Generated audio for '<speak>Aloe vera</speak>' with voice Matthew at D:\vocabswipe.github.io\data\audio\aloe_vera_word+Matthew+2d0bc2847e06047fb424bcedfa170c23.mp3
2025-06-23 00:33:50,040 - INFO - Generated audio for '<speak>Aloe vera. Aloe vera soothes burns.</speak>' with voice Matthew at D:\vocabswipe.github.io\data\audio\aloe_vera_sentence+Matthew+ba5582f7a703dd2cfabb801a47461b7b.mp3
2025-06-23 00:33:50,424 - INFO - Generated audio for '<speak>Aloft</speak>' with voice Stephen at D:\vocabswipe.github.io\data\audio\aloft_word+Stephen+c69a727c368f13dbc9550375d40fce84.mp3
2025-06-23 00:33:50,813 - INFO - Generated audio for '<speak>Aloft. The flag was held aloft.</speak>' with voice Stephen at D:\vocabswipe.github.io\data\audio\aloft_sentence+Stephen+8e19fbee9e794b0320b028937de680be.mp3
2025-06-23 00:33:51,152 - INFO - Generated audio for '<speak>Along</speak>' with voice Kendra at D:\vocabswipe.github.io\data\audio\along_word+Kendra+7e7ba34dfc97750b561d4d6d1dbeacf2.mp3
2025-06-23 00:33:51,553 - INFO - Generated audio for '<speak>Along. Walk along the road.</speak>' with voice Kendra at D:\vocabswipe.github.io\data\audio\along_sentence+Kendra+db297e79793ac4099fa5a3e4a8254557.mp3
2025-06-23 00:33:51,882 - INFO - Generated audio for '<speak>Alongside</speak>' with voice Matthew at D:\vocabswipe.github.io\data\audio\alongside_word+Matthew+77bcdac947cc99be5391282a062ea62d.mp3
2025-06-23 00:33:52,232 - INFO - Generated audio for '<speak>Alongside. The boat sailed alongside.</speak>' with voice Matthew at D:\vocabswipe.github.io\data\audio\alongside_sentence+Matthew+fd48897f2296753900b5a7f1f75ee2a9.mp3
2025-06-23 00:33:52,589 - INFO - Generated audio for '<speak>Alphabetical</speak>' with voice Matthew at D:\vocabswipe.github.io\data\audio\alphabetical_word+Matthew+a0ee51ab33d5ba89aafaa01217622395.mp3
2025-06-23 00:33:52,957 - INFO - Generated audio for '<speak>Alphabetical. The list is alphabetical.</speak>' with voice Matthew at D:\vocabswipe.github.io\data\audio\alphabetical_sentence+Matthew+e7e5baa86617b35300bd5a6ebbac3044.mp3
2025-06-23 00:33:52,959 - WARNING - Invalid entry: {'word': 'Alpine', 'part_of_speach': 'adjective', 'definition_th': 'เกี่ยวกับเทือกเขาแอลป์', 'example_en': 'They went alpine skiing in the Alps.', 'example_th': 'They พวกเขาไปเล่นสกีในเทือกเขาแอลป์'}
2025-06-23 00:33:53,313 - INFO - Generated audio for '<speak>Already</speak>' with voice Stephen at D:\vocabswipe.github.io\data\audio\already_word+Stephen+28459cb0e9e8ababd4c73cb1059a37e9.mp3
2025-06-23 00:33:53,714 - INFO - Generated audio for '<speak>Already. She’s already here.</speak>' with voice Stephen at D:\vocabswipe.github.io\data\audio\already_sentence+Stephen+457446a0f078ebe9be5b08bca8934590.mp3
2025-06-23 00:33:54,089 - INFO - Generated audio for '<speak>Alsatian</speak>' with voice Stephen at D:\vocabswipe.github.io\data\audio\alsatian_word+Stephen+74413d5da27111eb9d4f2a0c760489d2.mp3
2025-06-23 00:33:54,622 - INFO - Generated audio for '<speak>Alsatian. The Alsatian barked loudly.</speak>' with voice Stephen at D:\vocabswipe.github.io\data\audio\alsatian_sentence+Stephen+25ece926067ba11d81a0a0cf578500b5.mp3
2025-06-23 00:33:54,624 - WARNING - Invalid entry: {'word': 'Also', 'part_of_speach': 'adverb', 'definition_th': 'ด้วย', 'example_en': 'She sings and dances also.', 'example_th': 'She เธอร้องเพลงและเต้นรำด้วย'}
2025-06-23 00:33:54,625 - WARNING - Invalid entry: {'word': 'Also-ran', 'part_of_spech': 'noun', 'definition_th': 'ผู้แพ้', 'example_en': 'He was an also-ran in the race.', 'example_th': 'He was an เขาเป็นผู้แพ้ในการแข่งขัน'}
2025-06-23 00:33:54,688 - WARNING - Invalid entry: {'word': 'Altar', 'part_of_spech': 'noun', 'definition_th': 'แท่นบูชา', 'example_en': 'The altar was decorated.', 'example_th': 'แท่นบูชาได้รับการตกแต่ง'}
2025-06-23 00:33:54,688 - WARNING - Invalid entry: {'word': 'Altar boy', 'part_of_spech': 'noun', 'definition_th': 'เด็กช่วยพิธี', 'example_en': 'The altar boy served at church.', 'example_th': 'เด็กช่วยพิธีทำหน้าที่ที่โบสถ์'}
2025-06-23 00:33:55,025 - INFO - Generated audio for '<speak>altarpiece</speak>' with voice Joanna at D:\vocabswipe.github.io\data\audio\altarpiece_word+Joanna+46fcb8f3d83c9d3ff3e523269678be99.mp3
2025-06-23 00:33:55,411 - INFO - Generated audio for '<speak>altarpiece. The altarpiece was beautiful.</speak>' with voice Joanna at D:\vocabswipe.github.io\data\audio\altarpiece_sentence+Joanna+48123b47a6d693cddebfd4647230c6a3.mp3
2025-06-23 00:33:55,769 - INFO - Generated audio for '<speak>Altercation</speak>' with voice Joanna at D:\vocabswipe.github.io\data\audio\altercation_word+Joanna+41a0993e4370b6d33afdffe9c795b54d.mp3
2025-06-23 00:33:56,579 - INFO - Generated audio for '<speak>Altercation. They had an altercation.</speak>' with voice Joanna at D:\vocabswipe.github.io\data\audio\altercation_sentence+Joanna+23e1305dab972f0869bb954506e6a333.mp3
2025-06-23 00:33:56,580 - WARNING - Invalid entry: {'word': 'Alter ego', 'part_of_spech': 'noun', 'definition_th': 'ตัวตนที่สอง', 'example_en': 'His alter ego is a hero.', 'example_th': 'ตัวตนที่สองของเขาเป็นวีรบุรุษ'}
