2025-07-03 20:25:36,236 - INFO - Loading: D:\vocabswipe.github.io\data\vocab3000_database.yaml
2025-07-03 20:26:15,369 - INFO - Removed sentence 'She’s a frequent visitor to the park.' from word 'visitor'
2025-07-03 20:26:25,081 - INFO - Successfully saved: D:\vocabswipe.github.io\data\vocab3000_database.yaml
2025-07-03 20:26:29,616 - INFO - User exited the deletion tool.
2025-07-03 20:27:45,211 - INFO - Loading: D:\vocabswipe.github.io\data\vocab3000_database.yaml
2025-07-03 20:29:19,262 - INFO - Deleted audio file: D:\vocabswipe.github.io\data\audio\back\site\site_This_is_the_site_for_уров_the_new_park.mp3
2025-07-03 20:29:19,279 - INFO - Removed sentence 'This is the site for уров the new park.' from word 'site'
2025-07-03 20:29:29,175 - INFO - Successfully saved: D:\vocabswipe.github.io\data\vocab3000_database.yaml
2025-07-03 20:29:31,634 - INFO - User exited the deletion tool.
2025-07-08 06:15:36,938 - INFO - Loading: D:\vocabswipe.github.io\data\vocab3000_database.yaml
2025-07-08 06:17:01,217 - INFO - User cancelled sentence deletion.
2025-07-08 06:17:05,091 - INFO - Loading: D:\vocabswipe.github.io\data\vocab3000_database.yaml
2025-07-08 06:18:43,411 - INFO - Deleted audio file: D:\vocabswipe.github.io\data\audio\back\live\live_The_band_is_playing_live_tonight.mp3
2025-07-08 06:18:43,414 - INFO - Removed sentence 'The band is playing live tonight.' from word 'live'
2025-07-08 06:18:57,273 - INFO - Successfully saved: D:\vocabswipe.github.io\data\vocab3000_database.yaml
2025-07-08 06:19:03,112 - INFO - Loading: D:\vocabswipe.github.io\data\vocab3000_database.yaml
2025-07-08 06:19:36,704 - INFO - Deleted audio file: D:\vocabswipe.github.io\data\audio\back\live\live_Were_streaming_the_meeting_live.mp3
2025-07-08 06:19:36,706 - INFO - Removed sentence 'We’re streaming the meeting live.' from word 'live'
2025-07-08 06:19:50,189 - INFO - Successfully saved: D:\vocabswipe.github.io\data\vocab3000_database.yaml
2025-07-08 06:19:57,905 - INFO - Loading: D:\vocabswipe.github.io\data\vocab3000_database.yaml
2025-07-08 06:21:57,993 - INFO - Deleted audio file: D:\vocabswipe.github.io\data\audio\back\re\re_This_is_re_the_meeting.mp3
2025-07-08 06:21:57,995 - INFO - Removed sentence 'This is re the meeting.' from word 're'
2025-07-08 06:22:11,670 - INFO - Successfully saved: D:\vocabswipe.github.io\data\vocab3000_database.yaml
2025-07-08 06:22:25,276 - INFO - User exited the deletion tool.
